04/Mar/2018:13:31:43 +0300 [0] -> GET / HTTP/1.1
04/Mar/2018:13:31:43 +0300 [0] <- 302 - 40ms
04/Mar/2018:13:31:43 +0300 [1] -> GET /index.html HTTP/1.1
04/Mar/2018:13:31:43 +0300 [1] <- 200 text/html 5ms
04/Mar/2018:13:31:43 +0300 [2] -> GET /apps.laser.etc/clientlibs/launchpad/dist/css/index.css HTTP/1.1
04/Mar/2018:13:31:43 +0300 [3] -> GET /sling-logo.svg HTTP/1.1
04/Mar/2018:13:31:43 +0300 [2] <- 200 text/css 4ms
04/Mar/2018:13:31:43 +0300 [3] <- 200 image/svg+xml 4ms
04/Mar/2018:13:31:43 +0300 [4] -> GET /system/sling.js HTTP/1.1
04/Mar/2018:13:31:43 +0300 [4] <- 200 application/javascript 6ms
04/Mar/2018:13:31:43 +0300 [5] -> GET /apps.laser.etc/clientlibs/launchpad/dist/img/asf-logo.svg HTTP/1.1
04/Mar/2018:13:31:43 +0300 [5] <- 200 image/svg+xml 2ms
04/Mar/2018:13:31:43 +0300 [6] -> GET /system/sling/info.sessionInfo.json HTTP/1.1
04/Mar/2018:13:31:43 +0300 [6] <- 200 application/json 3ms
04/Mar/2018:13:31:43 +0300 [7] -> GET /apps.laser.etc/clientlibs/launchpad/dist/img/gradient.jpg HTTP/1.1
04/Mar/2018:13:31:43 +0300 [8] -> GET /apps.laser.etc/clientlibs/launchpad/dist/fonts/OpenSans-Light-webfont.woff HTTP/1.1
04/Mar/2018:13:31:43 +0300 [9] -> GET /apps.laser.etc/clientlibs/launchpad/dist/fonts/OpenSans-Regular-webfont.woff HTTP/1.1
04/Mar/2018:13:31:43 +0300 [8] <- 200 application/x-font-woff 2ms
04/Mar/2018:13:31:43 +0300 [9] <- 200 application/x-font-woff 1ms
04/Mar/2018:13:31:43 +0300 [7] <- 200 image/jpeg 3ms
04/Mar/2018:13:31:43 +0300 [10] -> GET /favicon.ico HTTP/1.1
04/Mar/2018:13:31:43 +0300 [10] <- 404 text/html 9ms
04/Mar/2018:13:31:52 +0300 [11] -> GET /system/sling/info.sessionInfo.json HTTP/1.1
04/Mar/2018:13:31:52 +0300 [11] <- 200 application/json 1ms
04/Mar/2018:13:31:53 +0300 [12] -> GET /bin/browser.html HTTP/1.1
04/Mar/2018:13:31:56 +0300 [13] -> GET /libs/fonts/awesome/4.6.3/css/font-awesome.css HTTP/1.1
04/Mar/2018:13:31:56 +0300 [14] -> GET /libs/jslibs/bootstrap/3.3.7/css/bootstrap.min.css HTTP/1.1
04/Mar/2018:13:31:56 +0300 [15] -> GET /libs/jslibs/jstree/3.3.0/themes/proton/style.min.css HTTP/1.1
04/Mar/2018:13:31:56 +0300 [16] -> GET /libs/jslibs/x-editable/1.5.1/bootstrap3-editable/css/bootstrap-editable.css HTTP/1.1
04/Mar/2018:13:31:56 +0300 [17] -> GET /libs/jslibs/bootstrap-fileinput/4.3.2/css/fileinput.min.css HTTP/1.1
04/Mar/2018:13:31:56 +0300 [13] <- 200 text/css 2ms
04/Mar/2018:13:31:56 +0300 [15] <- 200 text/css 2ms
04/Mar/2018:13:31:56 +0300 [17] <- 200 text/css 1ms
04/Mar/2018:13:31:56 +0300 [14] <- 200 text/css 3ms
04/Mar/2018:13:31:56 +0300 [16] <- 200 text/css 3ms
04/Mar/2018:13:31:56 +0300 [18] -> GET /libs/composum/nodes/console/clientlibs/base.css HTTP/1.1
04/Mar/2018:13:31:56 +0300 [19] -> GET /libs/composum/nodes/console/clientlibs/console.css HTTP/1.1
04/Mar/2018:13:31:56 +0300 [20] -> GET /libs/composum/nodes/console/clientlibs/browser.css HTTP/1.1
04/Mar/2018:13:31:56 +0300 [20] <- 200 text/css; charset=UTF-8 112ms
04/Mar/2018:13:31:56 +0300 [19] <- 200 text/css; charset=UTF-8 216ms
04/Mar/2018:13:31:56 +0300 [18] <- 200 text/css; charset=UTF-8 218ms
04/Mar/2018:13:31:56 +0300 [21] -> GET /libs/composum/nodes/console/page/images/composum-nodes-logo-on-black.png HTTP/1.1
04/Mar/2018:13:31:56 +0300 [22] -> GET /libs/jslibs/bootstrap/3.3.7/fonts/glyphicons-halflings-regular.woff2 HTTP/1.1
04/Mar/2018:13:31:56 +0300 [21] <- 200 image/png 3ms
04/Mar/2018:13:31:56 +0300 [23] -> GET /libs/fonts/awesome/4.6.3/fonts/fontawesome-webfont.woff2?v=4.6.3 HTTP/1.1
04/Mar/2018:13:31:56 +0300 [22] <- 200 application/octet-stream 3ms
04/Mar/2018:13:31:56 +0300 [23] <- 200 application/octet-stream 2ms
04/Mar/2018:13:31:56 +0300 [12] <- 200 text/html;charset=utf-8 3181ms
04/Mar/2018:13:31:56 +0300 [24] -> GET /libs/composum/nodes/console/clientlibs/base.js HTTP/1.1
04/Mar/2018:13:31:56 +0300 [25] -> GET /libs/jslibs/trumbowyg/2.3.0/trumbowyg.min.js HTTP/1.1
04/Mar/2018:13:31:56 +0300 [26] -> GET /libs/jslibs/ace/1.2.5/ace.js HTTP/1.1
04/Mar/2018:13:31:56 +0300 [28] -> GET /libs/jslibs/ace/1.2.5/mode-json.js HTTP/1.1
04/Mar/2018:13:31:56 +0300 [27] -> GET /libs/composum/nodes/console/clientlibs/console.js HTTP/1.1
04/Mar/2018:13:31:56 +0300 [25] <- 200 application/javascript 2ms
04/Mar/2018:13:31:56 +0300 [28] <- 200 application/javascript 2ms
04/Mar/2018:13:31:56 +0300 [26] <- 200 application/javascript 7ms
04/Mar/2018:13:31:56 +0300 [27] <- 200 application/javascript; charset=UTF-8 19ms
04/Mar/2018:13:31:56 +0300 [29] -> GET /libs/jslibs/ace/1.2.5/mode-xml.js HTTP/1.1
04/Mar/2018:13:31:56 +0300 [29] <- 200 application/javascript 2ms
04/Mar/2018:13:31:57 +0300 [24] <- 200 application/javascript; charset=UTF-8 38ms
04/Mar/2018:13:31:57 +0300 [30] -> GET /libs/jslibs/ace/1.2.5/mode-html.js HTTP/1.1
04/Mar/2018:13:31:57 +0300 [31] -> GET /libs/jslibs/ace/1.2.5/mode-jsp.js HTTP/1.1
04/Mar/2018:13:31:57 +0300 [30] <- 200 application/javascript 2ms
04/Mar/2018:13:31:57 +0300 [31] <- 200 application/javascript 2ms
04/Mar/2018:13:31:57 +0300 [32] -> GET /libs/jslibs/ace/1.2.5/mode-less.js HTTP/1.1
04/Mar/2018:13:31:57 +0300 [33] -> GET /libs/jslibs/ace/1.2.5/mode-css.js HTTP/1.1
04/Mar/2018:13:31:57 +0300 [33] <- 200 application/javascript 2ms
04/Mar/2018:13:31:57 +0300 [32] <- 200 application/javascript 2ms
04/Mar/2018:13:31:57 +0300 [35] -> GET /libs/jslibs/ace/1.2.5/mode-groovy.js HTTP/1.1
04/Mar/2018:13:31:57 +0300 [34] -> GET /libs/jslibs/ace/1.2.5/mode-dart.js HTTP/1.1
04/Mar/2018:13:31:57 +0300 [36] -> GET /libs/jslibs/ace/1.2.5/mode-javascript.js HTTP/1.1
04/Mar/2018:13:31:57 +0300 [34] <- 200 application/javascript 2ms
04/Mar/2018:13:31:57 +0300 [35] <- 200 application/javascript 3ms
04/Mar/2018:13:31:57 +0300 [36] <- 200 application/javascript 4ms
04/Mar/2018:13:31:57 +0300 [37] -> GET /libs/jslibs/ace/1.2.5/mode-java.js HTTP/1.1
04/Mar/2018:13:31:57 +0300 [38] -> GET /libs/jslibs/ace/1.2.5/mode-scala.js HTTP/1.1
04/Mar/2018:13:31:57 +0300 [38] <- 200 application/javascript 4ms
04/Mar/2018:13:31:57 +0300 [37] <- 200 application/javascript 4ms
04/Mar/2018:13:31:57 +0300 [39] -> GET /libs/jslibs/ace/1.2.5/mode-markdown.js HTTP/1.1
04/Mar/2018:13:31:57 +0300 [40] -> GET /libs/jslibs/ace/1.2.5/mode-text.js HTTP/1.1
04/Mar/2018:13:31:57 +0300 [41] -> GET /libs/jslibs/ace/1.2.5/theme-clouds.js HTTP/1.1
04/Mar/2018:13:31:57 +0300 [39] <- 200 application/javascript 2ms
04/Mar/2018:13:31:57 +0300 [40] <- 200 application/javascript 2ms
04/Mar/2018:13:31:57 +0300 [41] <- 200 application/javascript 4ms
04/Mar/2018:13:31:57 +0300 [42] -> GET /libs/composum/nodes/console/clientlibs/browser.js HTTP/1.1
04/Mar/2018:13:31:57 +0300 [42] <- 200 application/javascript; charset=UTF-8 15ms
04/Mar/2018:13:31:57 +0300 [43] -> GET /bin/cpm/nodes/node.queryTemplates.json?_=1520159517366 HTTP/1.1
04/Mar/2018:13:31:57 +0300 [43] <- 200 application/json;charset=UTF-8 24ms
04/Mar/2018:13:31:57 +0300 [44] -> GET /libs/jslibs/jstree/3.3.0/themes/proton/throbber.gif HTTP/1.1
04/Mar/2018:13:31:57 +0300 [45] -> GET /libs/jslibs/jstree/3.3.0/themes/proton/32px.png HTTP/1.1
04/Mar/2018:13:31:57 +0300 [44] <- 200 image/gif 1ms
04/Mar/2018:13:31:57 +0300 [45] <- 200 image/png 2ms
04/Mar/2018:13:31:57 +0300 [46] -> GET /bin/cpm/nodes/node.tree.json/?_=1520159517367 HTTP/1.1
04/Mar/2018:13:31:57 +0300 [47] -> GET /bin/cpm/nodes/node.filters.html?_=1520159517368 HTTP/1.1
04/Mar/2018:13:31:57 +0300 [47] <- 200 text/html;charset=UTF-8 2ms
04/Mar/2018:13:31:57 +0300 [48] -> GET /libs/jslibs/jstree/3.3.0/themes/proton/fonts/titillium/titilliumweb-regular-webfont.woff HTTP/1.1
04/Mar/2018:13:31:57 +0300 [48] <- 200 application/x-font-woff 3ms
04/Mar/2018:13:31:57 +0300 [46] <- 200 application/json;charset=UTF-8 10ms
04/Mar/2018:13:31:57 +0300 [49] -> GET /libs/composum/nodes/commons/components/images/cpn-64.png HTTP/1.1
04/Mar/2018:13:31:57 +0300 [49] <- 200 image/png 3ms
04/Mar/2018:13:31:57 +0300 [50] -> GET /bin/cpm/nodes/node.tree.json/?_=1520159517369 HTTP/1.1
04/Mar/2018:13:31:57 +0300 [50] <- 200 application/json;charset=UTF-8 5ms
04/Mar/2018:13:31:57 +0300 [51] -> GET /bin/browser.view.html/ HTTP/1.1
04/Mar/2018:13:31:57 +0300 [51] <- 200 text/html;charset=utf-8 7ms
04/Mar/2018:13:31:57 +0300 [52] -> GET /bin/browser.tab.properties.html/ HTTP/1.1
04/Mar/2018:13:31:57 +0300 [52] <- 200 text/html;charset=utf-8 112ms
04/Mar/2018:13:31:57 +0300 [53] -> GET /bin/cpm/nodes/property.map.json/?_=1520159517370 HTTP/1.1
04/Mar/2018:13:31:57 +0300 [53] <- 200 application/json;charset=UTF-8 3ms
04/Mar/2018:13:32:04 +0300 [54] -> GET /bin/cpm/nodes/node.tree.json/apps?_=1520159517371 HTTP/1.1
04/Mar/2018:13:31:57 +0300 [55] -> GET /bin/cpm/nodes/node.tree.json/apps?_=1520159517372 HTTP/1.1
04/Mar/2018:13:32:04 +0300 [54] <- 200 application/json;charset=UTF-8 4ms
04/Mar/2018:13:32:04 +0300 [55] <- 200 application/json;charset=UTF-8 4ms
04/Mar/2018:13:32:04 +0300 [56] -> GET /bin/browser.view.html/apps HTTP/1.1
04/Mar/2018:13:32:04 +0300 [56] <- 200 text/html;charset=utf-8 76ms
04/Mar/2018:13:32:04 +0300 [57] -> GET /bin/browser.tab.properties.html/apps HTTP/1.1
04/Mar/2018:13:32:04 +0300 [57] <- 200 text/html;charset=utf-8 3ms
04/Mar/2018:13:32:04 +0300 [58] -> GET /bin/cpm/nodes/property.map.json/apps?_=1520159517373 HTTP/1.1
04/Mar/2018:13:32:04 +0300 [58] <- 200 application/json;charset=UTF-8 1ms
04/Mar/2018:13:32:08 +0300 [59] -> GET /bin/cpm/nodes/node.tree.json/content?_=1520159517374 HTTP/1.1
04/Mar/2018:13:32:08 +0300 [60] -> GET /bin/cpm/nodes/node.tree.json/content?_=1520159517375 HTTP/1.1
04/Mar/2018:13:32:08 +0300 [59] <- 200 application/json;charset=UTF-8 3ms
04/Mar/2018:13:32:08 +0300 [60] <- 200 application/json;charset=UTF-8 2ms
04/Mar/2018:13:32:08 +0300 [61] -> GET /bin/browser.view.html/content HTTP/1.1
04/Mar/2018:13:32:08 +0300 [61] <- 200 text/html;charset=utf-8 4ms
04/Mar/2018:13:32:08 +0300 [62] -> GET /bin/browser.tab.properties.html/content HTTP/1.1
04/Mar/2018:13:32:08 +0300 [62] <- 200 text/html;charset=utf-8 2ms
04/Mar/2018:13:32:08 +0300 [63] -> GET /bin/cpm/nodes/property.map.json/content?_=1520159517376 HTTP/1.1
04/Mar/2018:13:32:08 +0300 [63] <- 200 application/json;charset=UTF-8 2ms
04/Mar/2018:13:38:43 +0300 [64] -> POST /bin/cpm/package.service.html HTTP/1.1
04/Mar/2018:13:38:43 +0300 [64] <- 200 - 392ms
04/Mar/2018:13:38:51 +0300 [65] -> GET /bin/cpm/nodes/node.tree.json/apps?_=1520159517377 HTTP/1.1
04/Mar/2018:13:38:51 +0300 [65] <- 200 application/json;charset=UTF-8 2ms
04/Mar/2018:13:38:51 +0300 [66] -> GET /bin/browser.view.html/apps HTTP/1.1
04/Mar/2018:13:38:51 +0300 [66] <- 200 text/html;charset=utf-8 4ms
04/Mar/2018:13:38:51 +0300 [67] -> GET /bin/browser.tab.properties.html/apps HTTP/1.1
04/Mar/2018:13:38:51 +0300 [67] <- 200 text/html;charset=utf-8 2ms
04/Mar/2018:13:38:51 +0300 [68] -> GET /bin/cpm/nodes/property.map.json/apps?_=1520159517378 HTTP/1.1
04/Mar/2018:13:38:51 +0300 [68] <- 200 application/json;charset=UTF-8 2ms
04/Mar/2018:13:38:53 +0300 [69] -> GET /libs/composum/nodes/console/content.html HTTP/1.1
04/Mar/2018:13:38:54 +0300 [69] <- 200 text/html;charset=utf-8 212ms
04/Mar/2018:13:38:54 +0300 [70] -> GET /libs/composum/nodes/console/page/css/content.css HTTP/1.1
04/Mar/2018:13:38:54 +0300 [71] -> GET /libs/composum/nodes/console/page/images/composum-nodes.png HTTP/1.1
04/Mar/2018:13:38:54 +0300 [70] <- 200 text/css 1ms
04/Mar/2018:13:38:54 +0300 [71] <- 200 image/png 2ms
04/Mar/2018:13:38:54 +0300 [72] -> GET /libs/composum/nodes/console/guide/browser/images/browser-props.png HTTP/1.1
04/Mar/2018:13:38:54 +0300 [72] <- 200 image/png 3ms
04/Mar/2018:13:38:54 +0300 [73] -> GET /libs/composum/nodes/console/guide/browser/images/browser-view.png HTTP/1.1
04/Mar/2018:13:38:54 +0300 [74] -> GET /libs/composum/nodes/console/guide/browser/images/browser-code.png HTTP/1.1
04/Mar/2018:13:38:54 +0300 [73] <- 200 image/png 3ms
04/Mar/2018:13:38:54 +0300 [74] <- 200 image/png 3ms
04/Mar/2018:13:38:57 +0300 [75] -> GET /bin/browser.html HTTP/1.1
04/Mar/2018:13:38:57 +0300 [75] <- 200 text/html;charset=utf-8 30ms
04/Mar/2018:13:38:57 +0300 [76] -> GET /bin/cpm/nodes/node.queryTemplates.json?_=1520159937617 HTTP/1.1
04/Mar/2018:13:38:57 +0300 [76] <- 200 application/json;charset=UTF-8 3ms
04/Mar/2018:13:38:57 +0300 [77] -> GET /bin/cpm/nodes/node.tree.json/?_=1520159937618 HTTP/1.1
04/Mar/2018:13:38:57 +0300 [78] -> GET /bin/cpm/nodes/node.filters.html?_=1520159937619 HTTP/1.1
04/Mar/2018:13:38:57 +0300 [78] <- 200 text/html;charset=UTF-8 1ms
04/Mar/2018:13:38:57 +0300 [79] -> GET /bin/cpm/nodes/node.tree.json/apps?_=1520159937620 HTTP/1.1
04/Mar/2018:13:38:57 +0300 [77] <- 200 application/json;charset=UTF-8 8ms
04/Mar/2018:13:38:57 +0300 [80] -> GET /bin/cpm/nodes/node.tree.json/content?_=1520159937621 HTTP/1.1
04/Mar/2018:13:38:57 +0300 [79] <- 200 application/json;charset=UTF-8 4ms
04/Mar/2018:13:38:57 +0300 [81] -> GET /bin/cpm/nodes/node.tree.json/?_=1520159937622 HTTP/1.1
04/Mar/2018:13:38:57 +0300 [80] <- 200 application/json;charset=UTF-8 3ms
04/Mar/2018:13:38:57 +0300 [81] <- 200 application/json;charset=UTF-8 8ms
04/Mar/2018:13:38:57 +0300 [82] -> GET /bin/cpm/nodes/node.tree.json/apps?_=1520159937623 HTTP/1.1
04/Mar/2018:13:38:57 +0300 [83] -> GET /bin/cpm/nodes/node.tree.json/apps?_=1520159937624 HTTP/1.1
04/Mar/2018:13:38:57 +0300 [82] <- 200 application/json;charset=UTF-8 3ms
04/Mar/2018:13:38:57 +0300 [83] <- 200 application/json;charset=UTF-8 3ms
04/Mar/2018:13:38:57 +0300 [84] -> GET /bin/browser.view.html/apps HTTP/1.1
04/Mar/2018:13:38:57 +0300 [84] <- 200 text/html;charset=utf-8 3ms
04/Mar/2018:13:38:57 +0300 [85] -> GET /bin/browser.tab.properties.html/apps HTTP/1.1
04/Mar/2018:13:38:57 +0300 [85] <- 200 text/html;charset=utf-8 3ms
04/Mar/2018:13:38:57 +0300 [86] -> GET /bin/cpm/nodes/property.map.json/apps?_=1520159937625 HTTP/1.1
04/Mar/2018:13:38:57 +0300 [86] <- 200 application/json;charset=UTF-8 3ms
04/Mar/2018:13:39:00 +0300 [87] -> GET /bin/cpm/nodes/node.tree.json/content?_=1520159937626 HTTP/1.1
04/Mar/2018:13:39:00 +0300 [87] <- 200 application/json;charset=UTF-8 1ms
04/Mar/2018:13:39:01 +0300 [88] -> GET /bin/cpm/nodes/node.tree.json/content?_=1520159937627 HTTP/1.1
04/Mar/2018:13:39:01 +0300 [88] <- 200 application/json;charset=UTF-8 1ms
04/Mar/2018:13:39:01 +0300 [89] -> GET /bin/browser.view.html/content HTTP/1.1
04/Mar/2018:13:39:01 +0300 [89] <- 200 text/html;charset=utf-8 3ms
04/Mar/2018:13:39:01 +0300 [90] -> GET /bin/browser.tab.properties.html/content HTTP/1.1
04/Mar/2018:13:39:01 +0300 [90] <- 200 text/html;charset=utf-8 2ms
04/Mar/2018:13:39:01 +0300 [91] -> GET /bin/cpm/nodes/property.map.json/content?_=1520159937628 HTTP/1.1
04/Mar/2018:13:39:01 +0300 [91] <- 200 application/json;charset=UTF-8 1ms
04/Mar/2018:13:39:02 +0300 [92] -> GET /bin/cpm/nodes/node.tree.json/apps?_=1520159937629 HTTP/1.1
04/Mar/2018:13:39:02 +0300 [92] <- 200 application/json;charset=UTF-8 2ms
04/Mar/2018:13:39:02 +0300 [93] -> GET /bin/browser.view.html/apps HTTP/1.1
04/Mar/2018:13:39:02 +0300 [93] <- 200 text/html;charset=utf-8 2ms
04/Mar/2018:13:39:02 +0300 [94] -> GET /bin/browser.tab.properties.html/apps HTTP/1.1
04/Mar/2018:13:39:02 +0300 [94] <- 200 text/html;charset=utf-8 3ms
04/Mar/2018:13:39:02 +0300 [95] -> GET /bin/cpm/nodes/property.map.json/apps?_=1520159937630 HTTP/1.1
04/Mar/2018:13:39:02 +0300 [95] <- 200 application/json;charset=UTF-8 1ms
04/Mar/2018:13:39:04 +0300 [96] -> GET /bin/cpm/nodes/node.tree.json/content?_=1520159937631 HTTP/1.1
04/Mar/2018:13:39:04 +0300 [96] <- 200 application/json;charset=UTF-8 1ms
04/Mar/2018:13:39:04 +0300 [97] -> GET /bin/browser.view.html/content HTTP/1.1
04/Mar/2018:13:39:04 +0300 [97] <- 200 text/html;charset=utf-8 3ms
04/Mar/2018:13:39:04 +0300 [98] -> GET /bin/browser.tab.properties.html/content HTTP/1.1
04/Mar/2018:13:39:04 +0300 [98] <- 200 text/html;charset=utf-8 2ms
04/Mar/2018:13:39:04 +0300 [99] -> GET /bin/cpm/nodes/property.map.json/content?_=1520159937632 HTTP/1.1
04/Mar/2018:13:39:04 +0300 [99] <- 200 application/json;charset=UTF-8 2ms
04/Mar/2018:13:39:05 +0300 [100] -> GET /bin/browser.html HTTP/1.1
04/Mar/2018:13:39:05 +0300 [100] <- 200 text/html;charset=utf-8 27ms
04/Mar/2018:13:39:06 +0300 [101] -> GET /bin/cpm/nodes/node.queryTemplates.json?_=1520159946012 HTTP/1.1
04/Mar/2018:13:39:06 +0300 [101] <- 200 application/json;charset=UTF-8 2ms
04/Mar/2018:13:39:06 +0300 [102] -> GET /bin/cpm/nodes/node.tree.json/?_=1520159946013 HTTP/1.1
04/Mar/2018:13:39:06 +0300 [103] -> GET /bin/cpm/nodes/node.filters.html?_=1520159946014 HTTP/1.1
04/Mar/2018:13:39:06 +0300 [103] <- 200 text/html;charset=UTF-8 1ms
04/Mar/2018:13:39:06 +0300 [104] -> GET /bin/cpm/nodes/node.tree.json/content?_=1520159946015 HTTP/1.1
04/Mar/2018:13:39:06 +0300 [105] -> GET /bin/cpm/nodes/node.tree.json/apps?_=1520159946016 HTTP/1.1
04/Mar/2018:13:39:06 +0300 [106] -> GET /bin/cpm/nodes/node.tree.json/?_=1520159946017 HTTP/1.1
04/Mar/2018:13:39:06 +0300 [104] <- 200 application/json;charset=UTF-8 5ms
04/Mar/2018:13:39:06 +0300 [102] <- 200 application/json;charset=UTF-8 10ms
04/Mar/2018:13:39:06 +0300 [105] <- 200 application/json;charset=UTF-8 6ms
04/Mar/2018:13:39:06 +0300 [106] <- 200 application/json;charset=UTF-8 5ms
04/Mar/2018:13:39:06 +0300 [107] -> GET /bin/cpm/nodes/node.tree.json/content?_=1520159946018 HTTP/1.1
04/Mar/2018:13:39:06 +0300 [108] -> GET /bin/cpm/nodes/node.tree.json/content?_=1520159946019 HTTP/1.1
04/Mar/2018:13:39:06 +0300 [107] <- 200 application/json;charset=UTF-8 1ms
04/Mar/2018:13:39:06 +0300 [108] <- 200 application/json;charset=UTF-8 2ms
04/Mar/2018:13:39:06 +0300 [109] -> GET /bin/browser.view.html/content HTTP/1.1
04/Mar/2018:13:39:06 +0300 [109] <- 200 text/html;charset=utf-8 2ms
04/Mar/2018:13:39:06 +0300 [110] -> GET /bin/browser.tab.properties.html/content HTTP/1.1
04/Mar/2018:13:39:06 +0300 [110] <- 200 text/html;charset=utf-8 1ms
04/Mar/2018:13:39:06 +0300 [111] -> GET /bin/cpm/nodes/property.map.json/content?_=1520159946020 HTTP/1.1
04/Mar/2018:13:39:06 +0300 [111] <- 200 application/json;charset=UTF-8 1ms
04/Mar/2018:13:39:07 +0300 [112] -> GET /bin/cpm/nodes/node.tree.json/apps?_=1520159946021 HTTP/1.1
04/Mar/2018:13:39:07 +0300 [112] <- 200 application/json;charset=UTF-8 2ms
04/Mar/2018:13:39:32 +0300 [113] -> GET /bin/service/laser/test HTTP/1.1
04/Mar/2018:13:39:32 +0300 [113] <- 404 text/html 6ms
04/Mar/2018:13:40:20 +0300 [114] -> GET /bin/packages.html HTTP/1.1
04/Mar/2018:13:40:21 +0300 [114] <- 200 text/html;charset=utf-8 868ms
04/Mar/2018:13:40:21 +0300 [115] -> GET /libs/composum/nodes/pckgmgr/clientlib.css HTTP/1.1
04/Mar/2018:13:40:21 +0300 [116] -> GET /libs/composum/nodes/pckgmgr/clientlib.js HTTP/1.1
04/Mar/2018:13:40:21 +0300 [116] <- 200 application/javascript; charset=UTF-8 14ms
04/Mar/2018:13:40:21 +0300 [115] <- 200 text/css; charset=UTF-8 37ms
04/Mar/2018:13:40:21 +0300 [117] -> GET /bin/cpm/package.tree.json/?_=1520160021281 HTTP/1.1
04/Mar/2018:13:40:21 +0300 [117] <- 200 application/json;charset=UTF-8 2ms
04/Mar/2018:13:40:21 +0300 [118] -> GET /bin/cpm/package.tree.json/?_=1520160021282 HTTP/1.1
04/Mar/2018:13:40:21 +0300 [118] <- 200 application/json;charset=UTF-8 1ms
04/Mar/2018:13:40:21 +0300 [119] -> GET /bin/cpm/package.tree.json/?_=1520160021283 HTTP/1.1
04/Mar/2018:13:40:21 +0300 [119] <- 200 application/json;charset=UTF-8 1ms
04/Mar/2018:13:40:21 +0300 [120] -> GET /bin/packages.view.html/ HTTP/1.1
04/Mar/2018:13:40:21 +0300 [120] <- 200 text/html;charset=utf-8 4ms
04/Mar/2018:13:40:21 +0300 [121] -> GET /bin/packages.tab.general.html/ HTTP/1.1
04/Mar/2018:13:40:21 +0300 [121] <- 200 text/html;charset=utf-8 125ms
04/Mar/2018:13:40:22 +0300 [122] -> GET /bin/cpm/package.tree.json/laser?_=1520160021285 HTTP/1.1
04/Mar/2018:13:40:22 +0300 [123] -> GET /bin/cpm/package.tree.json/laser?_=1520160021284 HTTP/1.1
04/Mar/2018:13:40:22 +0300 [123] <- 200 application/json;charset=UTF-8 2ms
04/Mar/2018:13:40:22 +0300 [122] <- 200 application/json;charset=UTF-8 2ms
04/Mar/2018:13:40:22 +0300 [124] -> GET /bin/packages.view.html/laser HTTP/1.1
04/Mar/2018:13:40:22 +0300 [124] <- 200 text/html;charset=utf-8 3ms
04/Mar/2018:13:40:22 +0300 [125] -> GET /bin/packages.tab.general.html/laser HTTP/1.1
04/Mar/2018:13:40:23 +0300 [125] <- 200 text/html;charset=utf-8 124ms
04/Mar/2018:13:40:23 +0300 [126] -> GET /apps.laser.etc/packages/laser/laser-view-1.0.0-SNAPSHOT.zip/jcr:content/vlt:definition/thumbnail.png HTTP/1.1
04/Mar/2018:13:40:23 +0300 [126] <- 200 image/png 2ms
04/Mar/2018:13:40:36 +0300 [127] -> GET /bin/cpm/nodes/node.tree.json/?_=1520159946022 HTTP/1.1
04/Mar/2018:13:40:36 +0300 [127] <- 200 application/json;charset=UTF-8 4ms
04/Mar/2018:13:40:36 +0300 [128] -> GET /bin/browser.view.html/ HTTP/1.1
04/Mar/2018:13:40:36 +0300 [128] <- 200 text/html;charset=utf-8 3ms
04/Mar/2018:13:40:36 +0300 [129] -> GET /bin/browser.tab.properties.html/ HTTP/1.1
04/Mar/2018:13:40:36 +0300 [129] <- 200 text/html;charset=utf-8 2ms
04/Mar/2018:13:40:36 +0300 [130] -> GET /bin/cpm/nodes/property.map.json/?_=1520159946023 HTTP/1.1
04/Mar/2018:13:40:36 +0300 [130] <- 200 application/json;charset=UTF-8 1ms
04/Mar/2018:13:40:38 +0300 [131] -> GET /bin/browser.html HTTP/1.1
04/Mar/2018:13:40:38 +0300 [131] <- 200 text/html;charset=utf-8 25ms
04/Mar/2018:13:40:38 +0300 [132] -> GET /bin/cpm/nodes/node.queryTemplates.json?_=1520160038646 HTTP/1.1
04/Mar/2018:13:40:38 +0300 [132] <- 200 application/json;charset=UTF-8 1ms
04/Mar/2018:13:40:38 +0300 [133] -> GET /bin/cpm/nodes/node.tree.json/?_=1520160038647 HTTP/1.1
04/Mar/2018:13:40:38 +0300 [134] -> GET /bin/cpm/nodes/node.filters.html?_=1520160038648 HTTP/1.1
04/Mar/2018:13:40:38 +0300 [134] <- 200 text/html;charset=UTF-8 1ms
04/Mar/2018:13:40:38 +0300 [133] <- 200 application/json;charset=UTF-8 7ms
04/Mar/2018:13:40:38 +0300 [135] -> GET /bin/cpm/nodes/node.tree.json/?_=1520160038649 HTTP/1.1
04/Mar/2018:13:40:38 +0300 [136] -> GET /bin/cpm/nodes/node.tree.json/content?_=1520160038650 HTTP/1.1
04/Mar/2018:13:40:38 +0300 [137] -> GET /bin/cpm/nodes/node.tree.json/apps?_=1520160038651 HTTP/1.1
04/Mar/2018:13:40:38 +0300 [136] <- 200 application/json;charset=UTF-8 2ms
04/Mar/2018:13:40:38 +0300 [137] <- 200 application/json;charset=UTF-8 2ms
04/Mar/2018:13:40:38 +0300 [135] <- 200 application/json;charset=UTF-8 8ms
04/Mar/2018:13:40:38 +0300 [138] -> GET /bin/cpm/nodes/node.tree.json/?_=1520160038652 HTTP/1.1
04/Mar/2018:13:40:38 +0300 [138] <- 200 application/json;charset=UTF-8 6ms
04/Mar/2018:13:40:38 +0300 [139] -> GET /bin/browser.view.html/ HTTP/1.1
04/Mar/2018:13:40:38 +0300 [139] <- 200 text/html;charset=utf-8 2ms
04/Mar/2018:13:40:38 +0300 [140] -> GET /bin/browser.tab.properties.html/ HTTP/1.1
04/Mar/2018:13:40:38 +0300 [140] <- 200 text/html;charset=utf-8 3ms
04/Mar/2018:13:40:38 +0300 [141] -> GET /bin/cpm/nodes/property.map.json/?_=1520160038653 HTTP/1.1
04/Mar/2018:13:40:38 +0300 [141] <- 200 application/json;charset=UTF-8 2ms
04/Mar/2018:13:40:38 +0300 [143] -> GET /bin/cpm/nodes/node.tree.json/content?_=1520160038655 HTTP/1.1
04/Mar/2018:13:43:17 +0300 [142] -> GET /bin/cpm/nodes/node.tree.json/content?_=1520160038654 HTTP/1.1
04/Mar/2018:13:43:17 +0300 [143] <- 200 application/json;charset=UTF-8 1ms
04/Mar/2018:13:43:17 +0300 [142] <- 200 application/json;charset=UTF-8 1ms
04/Mar/2018:13:43:17 +0300 [144] -> GET /bin/browser.view.html/content HTTP/1.1
04/Mar/2018:13:43:17 +0300 [144] <- 200 text/html;charset=utf-8 3ms
04/Mar/2018:13:43:17 +0300 [145] -> GET /bin/browser.tab.properties.html/content HTTP/1.1
04/Mar/2018:13:43:17 +0300 [145] <- 200 text/html;charset=utf-8 2ms
04/Mar/2018:13:43:17 +0300 [146] -> GET /bin/cpm/nodes/property.map.json/content?_=1520160038656 HTTP/1.1
04/Mar/2018:13:43:17 +0300 [146] <- 200 application/json;charset=UTF-8 2ms
04/Mar/2018:13:43:17 +0300 [148] -> GET /bin/cpm/nodes/node.tree.json/sling-test?_=1520160038657 HTTP/1.1
04/Mar/2018:13:43:20 +0300 [147] -> GET /bin/cpm/nodes/node.tree.json/sling-test?_=1520160038658 HTTP/1.1
04/Mar/2018:13:43:20 +0300 [148] <- 200 application/json;charset=UTF-8 7ms
04/Mar/2018:13:43:20 +0300 [147] <- 200 application/json;charset=UTF-8 7ms
04/Mar/2018:13:43:20 +0300 [149] -> GET /bin/browser.view.html/sling-test HTTP/1.1
04/Mar/2018:13:43:20 +0300 [149] <- 200 text/html;charset=utf-8 3ms
04/Mar/2018:13:43:20 +0300 [150] -> GET /bin/browser.tab.properties.html/sling-test HTTP/1.1
04/Mar/2018:13:43:20 +0300 [150] <- 200 text/html;charset=utf-8 2ms
04/Mar/2018:13:43:20 +0300 [151] -> GET /bin/cpm/nodes/property.map.json/sling-test?_=1520160038659 HTTP/1.1
04/Mar/2018:13:43:20 +0300 [151] <- 200 application/json;charset=UTF-8 1ms
04/Mar/2018:13:46:05 +0300 [152] -> POST /bin/cpm/package.service.html HTTP/1.1
04/Mar/2018:13:46:05 +0300 [152] <- 200 - 126ms
04/Mar/2018:13:46:16 +0300 [153] -> GET /bin/browser.html HTTP/1.1
04/Mar/2018:13:46:16 +0300 [153] <- 200 text/html;charset=utf-8 23ms
04/Mar/2018:13:46:17 +0300 [154] -> GET /bin/cpm/nodes/node.queryTemplates.json?_=1520160377055 HTTP/1.1
04/Mar/2018:13:46:17 +0300 [154] <- 200 application/json;charset=UTF-8 2ms
04/Mar/2018:13:46:17 +0300 [155] -> GET /bin/cpm/nodes/node.tree.json/?_=1520160377056 HTTP/1.1
04/Mar/2018:13:46:17 +0300 [156] -> GET /bin/cpm/nodes/node.filters.html?_=1520160377057 HTTP/1.1
04/Mar/2018:13:46:17 +0300 [156] <- 200 text/html;charset=UTF-8 2ms
04/Mar/2018:13:46:17 +0300 [155] <- 200 application/json;charset=UTF-8 7ms
04/Mar/2018:13:46:17 +0300 [157] -> GET /bin/cpm/nodes/node.tree.json/sling-test?_=1520160377058 HTTP/1.1
04/Mar/2018:13:46:17 +0300 [158] -> GET /bin/cpm/nodes/node.tree.json/content?_=1520160377059 HTTP/1.1
04/Mar/2018:13:46:17 +0300 [159] -> GET /bin/cpm/nodes/node.tree.json/apps?_=1520160377061 HTTP/1.1
04/Mar/2018:13:46:17 +0300 [157] <- 200 application/json;charset=UTF-8 6ms
04/Mar/2018:13:46:17 +0300 [158] <- 200 application/json;charset=UTF-8 4ms
04/Mar/2018:13:46:17 +0300 [160] -> GET /bin/cpm/nodes/node.tree.json/?_=1520160377060 HTTP/1.1
04/Mar/2018:13:46:17 +0300 [159] <- 200 application/json;charset=UTF-8 3ms
04/Mar/2018:13:46:17 +0300 [160] <- 200 application/json;charset=UTF-8 7ms
04/Mar/2018:13:46:17 +0300 [161] -> GET /bin/cpm/nodes/node.tree.json/sling-test?_=1520160377062 HTTP/1.1
04/Mar/2018:13:46:17 +0300 [162] -> GET /bin/cpm/nodes/node.tree.json/sling-test?_=1520160377063 HTTP/1.1
04/Mar/2018:13:46:17 +0300 [162] <- 200 application/json;charset=UTF-8 2ms
04/Mar/2018:13:46:17 +0300 [161] <- 200 application/json;charset=UTF-8 2ms
04/Mar/2018:13:46:17 +0300 [163] -> GET /bin/browser.view.html/sling-test HTTP/1.1
04/Mar/2018:13:46:17 +0300 [163] <- 200 text/html;charset=utf-8 3ms
04/Mar/2018:13:46:17 +0300 [164] -> GET /bin/browser.tab.properties.html/sling-test HTTP/1.1
04/Mar/2018:13:46:17 +0300 [164] <- 200 text/html;charset=utf-8 2ms
04/Mar/2018:13:46:17 +0300 [165] -> GET /bin/cpm/nodes/property.map.json/sling-test?_=1520160377064 HTTP/1.1
04/Mar/2018:13:46:17 +0300 [165] <- 200 application/json;charset=UTF-8 1ms
04/Mar/2018:13:46:18 +0300 [166] -> GET /bin/cpm/nodes/node.tree.json/content?_=1520160377065 HTTP/1.1
04/Mar/2018:13:46:18 +0300 [166] <- 200 application/json;charset=UTF-8 1ms
04/Mar/2018:13:46:20 +0300 [167] -> GET /bin/cpm/nodes/node.tree.json/content?_=1520160377066 HTTP/1.1
04/Mar/2018:13:46:20 +0300 [167] <- 200 application/json;charset=UTF-8 1ms
04/Mar/2018:13:46:20 +0300 [168] -> GET /bin/browser.view.html/content HTTP/1.1
04/Mar/2018:13:46:20 +0300 [168] <- 200 text/html;charset=utf-8 2ms
04/Mar/2018:13:46:20 +0300 [169] -> GET /bin/browser.tab.properties.html/content HTTP/1.1
04/Mar/2018:13:46:20 +0300 [169] <- 200 text/html;charset=utf-8 1ms
04/Mar/2018:13:46:20 +0300 [170] -> GET /bin/cpm/nodes/property.map.json/content?_=1520160377067 HTTP/1.1
04/Mar/2018:13:46:20 +0300 [170] <- 200 application/json;charset=UTF-8 2ms
04/Mar/2018:13:47:46 +0300 [171] -> POST /bin/cpm/package.service.html HTTP/1.1
04/Mar/2018:13:47:46 +0300 [171] <- 200 - 116ms
04/Mar/2018:13:47:46 +0300 [173] -> GET /bin/cpm/nodes/node.tree.json/sling-test/sling?_=1520160377069 HTTP/1.1
04/Mar/2018:13:47:54 +0300 [172] -> GET /bin/cpm/nodes/node.tree.json/sling-test/sling?_=1520160377068 HTTP/1.1
04/Mar/2018:13:47:54 +0300 [172] <- 200 application/json;charset=UTF-8 2ms
04/Mar/2018:13:47:54 +0300 [173] <- 200 application/json;charset=UTF-8 2ms
04/Mar/2018:13:47:54 +0300 [174] -> GET /bin/browser.view.html/sling-test/sling HTTP/1.1
04/Mar/2018:13:47:54 +0300 [174] <- 200 text/html;charset=utf-8 4ms
04/Mar/2018:13:47:54 +0300 [175] -> GET /bin/browser.tab.properties.html/sling-test/sling HTTP/1.1
04/Mar/2018:13:47:54 +0300 [175] <- 200 text/html;charset=utf-8 2ms
04/Mar/2018:13:47:54 +0300 [176] -> GET /bin/cpm/nodes/property.map.json/sling-test/sling?_=1520160377070 HTTP/1.1
04/Mar/2018:13:47:54 +0300 [176] <- 200 application/json;charset=UTF-8 1ms
04/Mar/2018:13:47:56 +0300 [177] -> GET /bin/cpm/nodes/node.tree.json/content?_=1520160377071 HTTP/1.1
04/Mar/2018:13:47:56 +0300 [177] <- 200 application/json;charset=UTF-8 2ms
04/Mar/2018:13:47:56 +0300 [178] -> GET /bin/browser.view.html/content HTTP/1.1
04/Mar/2018:13:47:56 +0300 [178] <- 200 text/html;charset=utf-8 2ms
04/Mar/2018:13:47:56 +0300 [179] -> GET /bin/browser.tab.properties.html/content HTTP/1.1
04/Mar/2018:13:47:56 +0300 [179] <- 200 text/html;charset=utf-8 2ms
04/Mar/2018:13:47:56 +0300 [180] -> GET /bin/cpm/nodes/property.map.json/content?_=1520160377072 HTTP/1.1
04/Mar/2018:13:47:56 +0300 [180] <- 200 application/json;charset=UTF-8 1ms
04/Mar/2018:13:47:58 +0300 [181] -> GET /bin/browser.html HTTP/1.1
04/Mar/2018:13:47:58 +0300 [181] <- 200 text/html;charset=utf-8 28ms
04/Mar/2018:13:47:58 +0300 [182] -> GET /bin/cpm/nodes/node.queryTemplates.json?_=1520160478536 HTTP/1.1
04/Mar/2018:13:47:58 +0300 [182] <- 200 application/json;charset=UTF-8 2ms
04/Mar/2018:13:47:58 +0300 [183] -> GET /bin/cpm/nodes/node.tree.json/?_=1520160478537 HTTP/1.1
04/Mar/2018:13:47:58 +0300 [184] -> GET /bin/cpm/nodes/node.filters.html?_=1520160478538 HTTP/1.1
04/Mar/2018:13:47:58 +0300 [184] <- 200 text/html;charset=UTF-8 2ms
04/Mar/2018:13:47:58 +0300 [185] -> GET /bin/cpm/nodes/node.tree.json/content?_=1520160478539 HTTP/1.1
04/Mar/2018:13:47:58 +0300 [183] <- 200 application/json;charset=UTF-8 9ms
04/Mar/2018:13:47:58 +0300 [185] <- 200 application/json;charset=UTF-8 2ms
04/Mar/2018:13:47:58 +0300 [186] -> GET /bin/cpm/nodes/node.tree.json/sling-test/sling?_=1520160478540 HTTP/1.1
04/Mar/2018:13:47:58 +0300 [187] -> GET /bin/cpm/nodes/node.tree.json/sling-test?_=1520160478541 HTTP/1.1
04/Mar/2018:13:47:58 +0300 [188] -> GET /bin/cpm/nodes/node.tree.json/?_=1520160478542 HTTP/1.1
04/Mar/2018:13:47:58 +0300 [189] -> GET /bin/cpm/nodes/node.tree.json/apps?_=1520160478543 HTTP/1.1
04/Mar/2018:13:47:58 +0300 [186] <- 200 application/json;charset=UTF-8 4ms
04/Mar/2018:13:47:58 +0300 [187] <- 200 application/json;charset=UTF-8 4ms
04/Mar/2018:13:47:58 +0300 [189] <- 200 application/json;charset=UTF-8 5ms
04/Mar/2018:13:47:58 +0300 [188] <- 200 application/json;charset=UTF-8 8ms
04/Mar/2018:13:47:58 +0300 [190] -> GET /bin/cpm/nodes/node.tree.json/content?_=1520160478544 HTTP/1.1
04/Mar/2018:13:47:58 +0300 [191] -> GET /bin/cpm/nodes/node.tree.json/content?_=1520160478545 HTTP/1.1
04/Mar/2018:13:47:58 +0300 [190] <- 200 application/json;charset=UTF-8 2ms
04/Mar/2018:13:47:58 +0300 [191] <- 200 application/json;charset=UTF-8 2ms
04/Mar/2018:13:47:58 +0300 [192] -> GET /bin/browser.view.html/content HTTP/1.1
04/Mar/2018:13:47:58 +0300 [192] <- 200 text/html;charset=utf-8 3ms
04/Mar/2018:13:47:58 +0300 [193] -> GET /bin/browser.tab.properties.html/content HTTP/1.1
04/Mar/2018:13:47:58 +0300 [193] <- 200 text/html;charset=utf-8 2ms
04/Mar/2018:13:47:58 +0300 [194] -> GET /bin/cpm/nodes/property.map.json/content?_=1520160478546 HTTP/1.1
04/Mar/2018:13:47:58 +0300 [194] <- 200 application/json;charset=UTF-8 1ms
04/Mar/2018:13:48:02 +0300 [195] -> GET /bin/cpm/nodes/node.tree.json/content/laser?_=1520160478547 HTTP/1.1
04/Mar/2018:13:48:02 +0300 [195] <- 200 application/json;charset=UTF-8 1ms
04/Mar/2018:13:48:03 +0300 [196] -> GET /bin/cpm/nodes/node.tree.json/content/laser/home?_=1520160478548 HTTP/1.1
04/Mar/2018:13:48:03 +0300 [196] <- 200 application/json;charset=UTF-8 2ms
04/Mar/2018:13:48:04 +0300 [197] -> GET /bin/cpm/nodes/node.tree.json/content/laser/home?_=1520160478549 HTTP/1.1
04/Mar/2018:13:48:04 +0300 [197] <- 200 application/json;charset=UTF-8 1ms
04/Mar/2018:13:48:04 +0300 [198] -> GET /bin/browser.view.html/content/laser/home HTTP/1.1
04/Mar/2018:13:48:04 +0300 [198] <- 200 text/html;charset=utf-8 3ms
04/Mar/2018:13:48:04 +0300 [199] -> GET /bin/browser.tab.properties.html/content/laser/home HTTP/1.1
04/Mar/2018:13:48:04 +0300 [199] <- 200 text/html;charset=utf-8 2ms
04/Mar/2018:13:48:04 +0300 [200] -> GET /bin/cpm/nodes/property.map.json/content/laser/home?_=1520160478550 HTTP/1.1
04/Mar/2018:13:48:04 +0300 [200] <- 200 application/json;charset=UTF-8 2ms
04/Mar/2018:13:48:06 +0300 [201] -> GET /bin/cpm/nodes/node.tree.json/apps?_=1520160478551 HTTP/1.1
04/Mar/2018:13:48:06 +0300 [202] -> GET /bin/cpm/nodes/node.tree.json/apps?_=1520160478552 HTTP/1.1
04/Mar/2018:13:48:06 +0300 [201] <- 200 application/json;charset=UTF-8 3ms
04/Mar/2018:13:48:06 +0300 [202] <- 200 application/json;charset=UTF-8 3ms
04/Mar/2018:13:48:06 +0300 [203] -> GET /bin/browser.view.html/apps HTTP/1.1
04/Mar/2018:13:48:06 +0300 [203] <- 200 text/html;charset=utf-8 2ms
04/Mar/2018:13:48:06 +0300 [204] -> GET /bin/browser.tab.properties.html/apps HTTP/1.1
04/Mar/2018:13:48:06 +0300 [204] <- 200 text/html;charset=utf-8 2ms
04/Mar/2018:13:48:06 +0300 [205] -> GET /bin/cpm/nodes/property.map.json/apps?_=1520160478553 HTTP/1.1
04/Mar/2018:13:48:06 +0300 [205] <- 200 application/json;charset=UTF-8 1ms
04/Mar/2018:13:48:07 +0300 [206] -> GET /bin/cpm/nodes/node.tree.json/apps/laser?_=1520160478554 HTTP/1.1
04/Mar/2018:13:48:07 +0300 [207] -> GET /bin/cpm/nodes/node.tree.json/apps/laser?_=1520160478555 HTTP/1.1
04/Mar/2018:13:48:07 +0300 [206] <- 200 application/json;charset=UTF-8 2ms
04/Mar/2018:13:48:07 +0300 [207] <- 200 application/json;charset=UTF-8 2ms
04/Mar/2018:13:48:07 +0300 [208] -> GET /bin/browser.view.html/apps/laser HTTP/1.1
04/Mar/2018:13:48:07 +0300 [208] <- 200 text/html;charset=utf-8 2ms
04/Mar/2018:13:48:07 +0300 [209] -> GET /bin/browser.tab.properties.html/apps/laser HTTP/1.1
04/Mar/2018:13:48:07 +0300 [209] <- 200 text/html;charset=utf-8 2ms
04/Mar/2018:13:48:07 +0300 [210] -> GET /bin/cpm/nodes/property.map.json/apps/laser?_=1520160478556 HTTP/1.1
04/Mar/2018:13:48:07 +0300 [210] <- 200 application/json;charset=UTF-8 1ms
04/Mar/2018:13:48:09 +0300 [211] -> GET /bin/cpm/nodes/node.tree.json/apps/laser/components?_=1520160478557 HTTP/1.1
04/Mar/2018:13:48:09 +0300 [212] -> GET /bin/cpm/nodes/node.tree.json/apps/laser/components?_=1520160478558 HTTP/1.1
04/Mar/2018:13:48:09 +0300 [211] <- 200 application/json;charset=UTF-8 1ms
04/Mar/2018:13:48:09 +0300 [212] <- 200 application/json;charset=UTF-8 1ms
04/Mar/2018:13:48:09 +0300 [213] -> GET /bin/browser.view.html/apps/laser/components HTTP/1.1
04/Mar/2018:13:48:09 +0300 [213] <- 200 text/html;charset=utf-8 3ms
04/Mar/2018:13:48:09 +0300 [214] -> GET /bin/browser.tab.properties.html/apps/laser/components HTTP/1.1
04/Mar/2018:13:48:09 +0300 [214] <- 200 text/html;charset=utf-8 1ms
04/Mar/2018:13:48:09 +0300 [215] -> GET /bin/cpm/nodes/property.map.json/apps/laser/components?_=1520160478559 HTTP/1.1
04/Mar/2018:13:48:09 +0300 [215] <- 200 application/json;charset=UTF-8 1ms
04/Mar/2018:13:48:10 +0300 [216] -> GET /bin/cpm/nodes/node.tree.json/apps/laser/components/pages?_=1520160478560 HTTP/1.1
04/Mar/2018:13:48:10 +0300 [217] -> GET /bin/cpm/nodes/node.tree.json/apps/laser/components/pages?_=1520160478561 HTTP/1.1
04/Mar/2018:13:48:10 +0300 [216] <- 200 application/json;charset=UTF-8 2ms
04/Mar/2018:13:48:10 +0300 [217] <- 200 application/json;charset=UTF-8 2ms
04/Mar/2018:13:48:10 +0300 [218] -> GET /bin/browser.view.html/apps/laser/components/pages HTTP/1.1
04/Mar/2018:13:48:10 +0300 [218] <- 200 text/html;charset=utf-8 2ms
04/Mar/2018:13:48:10 +0300 [219] -> GET /bin/browser.tab.properties.html/apps/laser/components/pages HTTP/1.1
04/Mar/2018:13:48:10 +0300 [219] <- 200 text/html;charset=utf-8 2ms
04/Mar/2018:13:48:10 +0300 [220] -> GET /bin/cpm/nodes/property.map.json/apps/laser/components/pages?_=1520160478562 HTTP/1.1
04/Mar/2018:13:48:10 +0300 [220] <- 200 application/json;charset=UTF-8 1ms
04/Mar/2018:13:48:10 +0300 [221] -> GET /bin/cpm/nodes/node.tree.json/apps/laser/components/pages/base?_=1520160478563 HTTP/1.1
04/Mar/2018:13:48:10 +0300 [222] -> GET /bin/cpm/nodes/node.tree.json/apps/laser/components/pages/base?_=1520160478564 HTTP/1.1
04/Mar/2018:13:48:10 +0300 [222] <- 200 application/json;charset=UTF-8 2ms
04/Mar/2018:13:48:10 +0300 [221] <- 200 application/json;charset=UTF-8 2ms
04/Mar/2018:13:48:10 +0300 [223] -> GET /bin/browser.view.html/apps/laser/components/pages/base HTTP/1.1
04/Mar/2018:13:48:10 +0300 [223] <- 200 text/html;charset=utf-8 3ms
04/Mar/2018:13:48:10 +0300 [224] -> GET /bin/browser.tab.properties.html/apps/laser/components/pages/base HTTP/1.1
04/Mar/2018:13:48:10 +0300 [224] <- 200 text/html;charset=utf-8 2ms
04/Mar/2018:13:48:10 +0300 [225] -> GET /bin/cpm/nodes/property.map.json/apps/laser/components/pages/base?_=1520160478565 HTTP/1.1
04/Mar/2018:13:48:10 +0300 [225] <- 200 application/json;charset=UTF-8 1ms
04/Mar/2018:13:48:34 +0300 [226] -> GET /bin/cpm/nodes/node.tree.json/content/laser/home?_=1520160478566 HTTP/1.1
04/Mar/2018:13:48:34 +0300 [226] <- 200 application/json;charset=UTF-8 1ms
04/Mar/2018:13:48:34 +0300 [227] -> GET /bin/browser.view.html/content/laser/home HTTP/1.1
04/Mar/2018:13:48:34 +0300 [227] <- 200 text/html;charset=utf-8 2ms
04/Mar/2018:13:48:34 +0300 [228] -> GET /bin/browser.tab.properties.html/content/laser/home HTTP/1.1
04/Mar/2018:13:48:34 +0300 [228] <- 200 text/html;charset=utf-8 2ms
04/Mar/2018:13:48:34 +0300 [229] -> GET /bin/cpm/nodes/property.map.json/content/laser/home?_=1520160478567 HTTP/1.1
04/Mar/2018:13:48:34 +0300 [229] <- 200 application/json;charset=UTF-8 1ms
04/Mar/2018:13:48:37 +0300 [230] -> GET /bin/browser.html/content/laser/home HTTP/1.1
04/Mar/2018:13:48:37 +0300 [230] <- 200 text/html;charset=utf-8 21ms
04/Mar/2018:13:48:37 +0300 [231] -> GET /bin/cpm/nodes/node.queryTemplates.json?_=1520160517454 HTTP/1.1
04/Mar/2018:13:48:37 +0300 [231] <- 200 application/json;charset=UTF-8 2ms
04/Mar/2018:13:48:37 +0300 [232] -> GET /bin/cpm/nodes/node.tree.json/?_=1520160517455 HTTP/1.1
04/Mar/2018:13:48:37 +0300 [233] -> GET /bin/cpm/nodes/node.filters.html?_=1520160517456 HTTP/1.1
04/Mar/2018:13:48:37 +0300 [233] <- 200 text/html;charset=UTF-8 2ms
04/Mar/2018:13:48:37 +0300 [232] <- 200 application/json;charset=UTF-8 8ms
04/Mar/2018:13:48:37 +0300 [234] -> GET /bin/cpm/nodes/node.tree.json/content/laser/home?_=1520160517457 HTTP/1.1
04/Mar/2018:13:48:37 +0300 [235] -> GET /bin/cpm/nodes/node.tree.json/apps/laser/components/pages/base?_=1520160517458 HTTP/1.1
04/Mar/2018:13:48:37 +0300 [234] <- 200 application/json;charset=UTF-8 3ms
04/Mar/2018:13:48:37 +0300 [236] -> GET /bin/cpm/nodes/node.tree.json/apps/laser/components/pages?_=1520160517459 HTTP/1.1
04/Mar/2018:13:48:37 +0300 [235] <- 200 application/json;charset=UTF-8 5ms
04/Mar/2018:13:48:37 +0300 [237] -> GET /bin/cpm/nodes/node.tree.json/apps/laser/components?_=1520160517460 HTTP/1.1
04/Mar/2018:13:48:37 +0300 [236] <- 200 application/json;charset=UTF-8 3ms
04/Mar/2018:13:48:37 +0300 [237] <- 200 application/json;charset=UTF-8 1ms
04/Mar/2018:13:48:37 +0300 [238] -> GET /bin/cpm/nodes/node.tree.json/apps/laser?_=1520160517461 HTTP/1.1
04/Mar/2018:13:48:37 +0300 [239] -> GET /bin/cpm/nodes/node.tree.json/apps?_=1520160517462 HTTP/1.1
04/Mar/2018:13:48:37 +0300 [240] -> GET /bin/cpm/nodes/node.tree.json/sling-test?_=1520160517465 HTTP/1.1
04/Mar/2018:13:48:37 +0300 [241] -> GET /bin/cpm/nodes/node.tree.json/content?_=1520160517463 HTTP/1.1
04/Mar/2018:13:48:37 +0300 [242] -> GET /bin/cpm/nodes/node.tree.json/?_=1520160517466 HTTP/1.1
04/Mar/2018:13:48:37 +0300 [243] -> GET /bin/cpm/nodes/node.tree.json/sling-test/sling?_=1520160517464 HTTP/1.1
04/Mar/2018:13:48:37 +0300 [238] <- 200 application/json;charset=UTF-8 3ms
04/Mar/2018:13:48:37 +0300 [240] <- 200 application/json;charset=UTF-8 1ms
04/Mar/2018:13:48:37 +0300 [241] <- 200 application/json;charset=UTF-8 1ms
04/Mar/2018:13:48:37 +0300 [239] <- 200 application/json;charset=UTF-8 2ms
04/Mar/2018:13:48:37 +0300 [243] <- 200 application/json;charset=UTF-8 2ms
04/Mar/2018:13:48:37 +0300 [242] <- 200 application/json;charset=UTF-8 3ms
04/Mar/2018:13:48:37 +0300 [244] -> GET /bin/cpm/nodes/node.tree.json/content?_=1520160517467 HTTP/1.1
04/Mar/2018:13:48:37 +0300 [244] <- 200 application/json;charset=UTF-8 1ms
04/Mar/2018:13:48:37 +0300 [245] -> GET /bin/cpm/nodes/node.tree.json/content/laser?_=1520160517468 HTTP/1.1
04/Mar/2018:13:48:37 +0300 [245] <- 200 application/json;charset=UTF-8 2ms
04/Mar/2018:13:48:37 +0300 [246] -> GET /bin/cpm/nodes/node.tree.json/content/laser/home?_=1520160517469 HTTP/1.1
04/Mar/2018:13:48:37 +0300 [247] -> GET /bin/cpm/nodes/node.tree.json/content/laser/home?_=1520160517470 HTTP/1.1
04/Mar/2018:13:48:37 +0300 [247] <- 200 application/json;charset=UTF-8 2ms
04/Mar/2018:13:48:37 +0300 [246] <- 200 application/json;charset=UTF-8 2ms
04/Mar/2018:13:48:37 +0300 [248] -> GET /bin/browser.view.html/content/laser/home HTTP/1.1
04/Mar/2018:13:48:37 +0300 [248] <- 200 text/html;charset=utf-8 2ms
04/Mar/2018:13:48:37 +0300 [249] -> GET /bin/browser.tab.properties.html/content/laser/home HTTP/1.1
04/Mar/2018:13:48:37 +0300 [249] <- 200 text/html;charset=utf-8 2ms
04/Mar/2018:13:48:37 +0300 [250] -> GET /bin/cpm/nodes/property.map.json/content/laser/home?_=1520160517471 HTTP/1.1
04/Mar/2018:13:48:37 +0300 [250] <- 200 application/json;charset=UTF-8 2ms
04/Mar/2018:13:48:51 +0300 [251] -> GET /content/laser/home.html HTTP/1.1
04/Mar/2018:13:48:51 +0300 [251] <- 200 text/html 132ms
04/Mar/2018:14:05:18 +0300 [252] -> POST /bin/cpm/package.service.html HTTP/1.1
04/Mar/2018:14:05:18 +0300 [252] <- 200 - 133ms
04/Mar/2018:14:05:24 +0300 [253] -> GET /content/laser/home.html HTTP/1.1
04/Mar/2018:14:05:24 +0300 [253] <- 500 text/html 61ms
04/Mar/2018:14:05:28 +0300 [254] -> GET /content/laser/home.html HTTP/1.1
04/Mar/2018:14:05:28 +0300 [254] <- 500 text/html 6ms
04/Mar/2018:14:05:29 +0300 [255] -> GET /content/laser/home.html HTTP/1.1
04/Mar/2018:14:05:29 +0300 [255] <- 500 text/html 4ms
04/Mar/2018:14:06:17 +0300 [256] -> GET /content/laser/home.html HTTP/1.1
04/Mar/2018:14:06:17 +0300 [256] <- 500 text/html 5ms
04/Mar/2018:14:06:18 +0300 [257] -> GET /content/laser/home.html HTTP/1.1
04/Mar/2018:14:06:18 +0300 [257] <- 500 text/html 4ms
04/Mar/2018:14:06:18 +0300 [258] -> GET /content/laser/home.html HTTP/1.1
04/Mar/2018:14:06:18 +0300 [258] <- 500 text/html 4ms
04/Mar/2018:14:06:18 +0300 [259] -> GET /content/laser/home.html HTTP/1.1
04/Mar/2018:14:06:18 +0300 [259] <- 500 text/html 4ms
04/Mar/2018:14:06:20 +0300 [260] -> GET /bin/service/laser/test HTTP/1.1
04/Mar/2018:14:06:20 +0300 [260] <- 200 - 0ms
04/Mar/2018:14:06:21 +0300 [261] -> GET /bin/service/laser/test HTTP/1.1
04/Mar/2018:14:06:21 +0300 [261] <- 200 - 1ms
04/Mar/2018:14:06:58 +0300 [262] -> GET /content/laser/home.html HTTP/1.1
04/Mar/2018:14:06:58 +0300 [262] <- 500 text/html 4ms
04/Mar/2018:14:07:00 +0300 [263] -> GET /content/laser/home.html HTTP/1.1
04/Mar/2018:14:07:00 +0300 [263] <- 500 text/html 4ms
04/Mar/2018:14:07:25 +0300 [264] -> POST /bin/cpm/package.service.html HTTP/1.1
04/Mar/2018:14:07:25 +0300 [264] <- 200 - 131ms
04/Mar/2018:14:07:28 +0300 [265] -> GET /content/laser/home.html HTTP/1.1
04/Mar/2018:14:07:28 +0300 [265] <- 200 text/html 77ms
04/Mar/2018:14:07:29 +0300 [266] -> GET /content/laser/home.html HTTP/1.1
04/Mar/2018:14:07:29 +0300 [266] <- 200 text/html 3ms
04/Mar/2018:14:07:30 +0300 [267] -> GET /content/laser/home.html HTTP/1.1
04/Mar/2018:14:07:30 +0300 [267] <- 200 text/html 2ms
04/Mar/2018:14:07:30 +0300 [268] -> GET /content/laser/home.html HTTP/1.1
04/Mar/2018:14:07:30 +0300 [268] <- 200 text/html 2ms
04/Mar/2018:14:14:10 +0300 [269] -> GET /content/laser/home.html HTTP/1.1
04/Mar/2018:14:14:10 +0300 [269] <- 200 text/html 2ms
04/Mar/2018:14:14:11 +0300 [270] -> GET /content/laser/home.html HTTP/1.1
04/Mar/2018:14:14:11 +0300 [270] <- 200 text/html 3ms
04/Mar/2018:14:14:12 +0300 [271] -> GET /bin/service/laser/test HTTP/1.1
04/Mar/2018:14:14:12 +0300 [271] <- 200 - 1ms
04/Mar/2018:14:14:12 +0300 [272] -> GET /content/laser/home.html HTTP/1.1
04/Mar/2018:14:14:12 +0300 [272] <- 200 text/html 2ms
04/Mar/2018:14:27:00 +0300 [273] -> POST /bin/cpm/package.service.html HTTP/1.1
04/Mar/2018:14:27:00 +0300 [273] <- 200 - 126ms
04/Mar/2018:14:27:07 +0300 [274] -> GET /bin/service/laser/user HTTP/1.1
04/Mar/2018:14:27:07 +0300 [274] <- 404 text/html 3ms
04/Mar/2018:14:27:13 +0300 [275] -> GET /bin/service/laser/user HTTP/1.1
04/Mar/2018:14:27:13 +0300 [275] <- 404 text/html 2ms
04/Mar/2018:14:27:17 +0300 [276] -> GET /bin/packages.html HTTP/1.1
04/Mar/2018:14:27:17 +0300 [276] <- 200 text/html;charset=utf-8 55ms
04/Mar/2018:14:27:17 +0300 [277] -> GET /bin/cpm/package.tree.json/?_=1520162837820 HTTP/1.1
04/Mar/2018:14:27:17 +0300 [277] <- 200 application/json;charset=UTF-8 2ms
04/Mar/2018:14:27:17 +0300 [278] -> GET /bin/cpm/package.tree.json/?_=1520162837821 HTTP/1.1
04/Mar/2018:14:27:17 +0300 [278] <- 200 application/json;charset=UTF-8 1ms
04/Mar/2018:14:27:17 +0300 [279] -> GET /bin/cpm/package.tree.json/laser?_=1520162837822 HTTP/1.1
04/Mar/2018:14:27:17 +0300 [280] -> GET /bin/cpm/package.tree.json/laser?_=1520162837823 HTTP/1.1
04/Mar/2018:14:27:17 +0300 [280] <- 200 application/json;charset=UTF-8 1ms
04/Mar/2018:14:27:17 +0300 [279] <- 200 application/json;charset=UTF-8 2ms
04/Mar/2018:14:27:17 +0300 [281] -> GET /bin/packages.view.html/laser HTTP/1.1
04/Mar/2018:14:27:17 +0300 [281] <- 200 text/html;charset=utf-8 4ms
04/Mar/2018:14:27:18 +0300 [282] -> GET /bin/packages.tab.general.html/laser HTTP/1.1
04/Mar/2018:14:27:18 +0300 [282] <- 200 text/html;charset=utf-8 19ms
04/Mar/2018:14:27:18 +0300 [283] -> GET /apps.laser.etc/packages/laser/laser-view-1.0.0-SNAPSHOT.zip/jcr:content/vlt:definition/thumbnail.png HTTP/1.1
04/Mar/2018:14:27:18 +0300 [283] <- 200 image/png 8ms
04/Mar/2018:14:27:19 +0300 [284] -> GET /libs/composum/nodes/console/content/felix.html HTTP/1.1
04/Mar/2018:14:27:19 +0300 [284] <- 200 text/html;charset=utf-8 78ms
04/Mar/2018:14:27:48 +0300 [285] -> GET /bin/service/laser/user HTTP/1.1
04/Mar/2018:14:27:48 +0300 [285] <- 404 text/html 3ms
04/Mar/2018:14:27:48 +0300 [286] -> GET /bin/service/laser/user HTTP/1.1
04/Mar/2018:14:27:48 +0300 [286] <- 404 text/html 3ms
04/Mar/2018:14:27:48 +0300 [287] -> GET /bin/service/laser/user HTTP/1.1
04/Mar/2018:14:27:48 +0300 [287] <- 404 text/html 3ms
04/Mar/2018:14:27:49 +0300 [288] -> GET /bin/service/laser/user HTTP/1.1
04/Mar/2018:14:27:49 +0300 [288] <- 404 text/html 3ms
04/Mar/2018:14:27:50 +0300 [289] -> GET /content/laser/home.html HTTP/1.1
04/Mar/2018:14:27:50 +0300 [289] <- 200 text/html 41ms
04/Mar/2018:14:27:50 +0300 [290] -> GET /bin/service/laser/user HTTP/1.1
04/Mar/2018:14:27:50 +0300 [290] <- 404 text/html 3ms
04/Mar/2018:14:27:51 +0300 [291] -> GET /bin/service/laser/user HTTP/1.1
04/Mar/2018:14:27:51 +0300 [291] <- 404 text/html 3ms
04/Mar/2018:14:27:51 +0300 [292] -> GET /bin/service/laser/user HTTP/1.1
04/Mar/2018:14:27:51 +0300 [292] <- 404 text/html 3ms
04/Mar/2018:14:28:07 +0300 [293] -> GET /bin/service/laser/user HTTP/1.1
04/Mar/2018:14:28:07 +0300 [293] <- 404 text/html 2ms
04/Mar/2018:14:32:32 +0300 [294] -> POST /bin/cpm/package.service.html HTTP/1.1
04/Mar/2018:14:32:32 +0300 [294] <- 200 - 132ms
04/Mar/2018:14:32:47 +0300 [295] -> GET /bin/cpm/nodes/node.tree.json/content/laser?_=1520160478568 HTTP/1.1
04/Mar/2018:14:32:47 +0300 [295] <- 200 application/json;charset=UTF-8 2ms
04/Mar/2018:14:32:47 +0300 [296] -> GET /bin/browser.view.html/content/laser HTTP/1.1
04/Mar/2018:14:32:47 +0300 [296] <- 200 text/html;charset=utf-8 10ms
04/Mar/2018:14:32:47 +0300 [297] -> GET /bin/browser.tab.properties.html/content/laser HTTP/1.1
04/Mar/2018:14:32:47 +0300 [297] <- 200 text/html;charset=utf-8 5ms
04/Mar/2018:14:32:47 +0300 [298] -> GET /bin/cpm/nodes/property.map.json/content/laser?_=1520160478569 HTTP/1.1
04/Mar/2018:14:32:47 +0300 [298] <- 200 application/json;charset=UTF-8 1ms
04/Mar/2018:14:32:50 +0300 [299] -> GET /bin/browser.html HTTP/1.1
04/Mar/2018:14:32:50 +0300 [299] <- 200 text/html;charset=utf-8 63ms
04/Mar/2018:14:32:50 +0300 [300] -> GET /bin/cpm/nodes/node.queryTemplates.json?_=1520163170214 HTTP/1.1
04/Mar/2018:14:32:50 +0300 [300] <- 200 application/json;charset=UTF-8 2ms
04/Mar/2018:14:32:50 +0300 [301] -> GET /bin/cpm/nodes/node.tree.json/?_=1520163170215 HTTP/1.1
04/Mar/2018:14:32:50 +0300 [302] -> GET /bin/cpm/nodes/node.filters.html?_=1520163170216 HTTP/1.1
04/Mar/2018:14:32:50 +0300 [302] <- 200 text/html;charset=UTF-8 2ms
04/Mar/2018:14:32:50 +0300 [301] <- 200 application/json;charset=UTF-8 6ms
04/Mar/2018:14:32:50 +0300 [303] -> GET /bin/cpm/nodes/node.tree.json/content/laser?_=1520163170217 HTTP/1.1
04/Mar/2018:14:32:50 +0300 [303] <- 200 application/json;charset=UTF-8 2ms
04/Mar/2018:14:32:50 +0300 [304] -> GET /bin/cpm/nodes/node.tree.json/apps/laser/components/pages/base?_=1520163170219 HTTP/1.1
04/Mar/2018:14:32:50 +0300 [305] -> GET /bin/cpm/nodes/node.tree.json/apps/laser/components/pages?_=1520163170220 HTTP/1.1
04/Mar/2018:14:32:50 +0300 [306] -> GET /bin/cpm/nodes/node.tree.json/content/laser/home?_=1520163170218 HTTP/1.1
04/Mar/2018:14:32:50 +0300 [307] -> GET /bin/cpm/nodes/node.tree.json/apps/laser/components?_=1520163170221 HTTP/1.1
04/Mar/2018:14:32:50 +0300 [306] <- 200 application/json;charset=UTF-8 2ms
04/Mar/2018:14:32:50 +0300 [305] <- 200 application/json;charset=UTF-8 3ms
04/Mar/2018:14:32:50 +0300 [309] -> GET /bin/cpm/nodes/node.tree.json/apps?_=1520163170223 HTTP/1.1
04/Mar/2018:14:32:50 +0300 [308] -> GET /bin/cpm/nodes/node.tree.json/apps/laser?_=1520163170222 HTTP/1.1
04/Mar/2018:14:32:50 +0300 [304] <- 200 application/json;charset=UTF-8 4ms
04/Mar/2018:14:32:50 +0300 [309] <- 200 application/json;charset=UTF-8 2ms
04/Mar/2018:14:32:50 +0300 [307] <- 200 application/json;charset=UTF-8 4ms
04/Mar/2018:14:32:50 +0300 [310] -> GET /bin/cpm/nodes/node.tree.json/content?_=1520163170224 HTTP/1.1
04/Mar/2018:14:32:50 +0300 [308] <- 200 application/json;charset=UTF-8 7ms
04/Mar/2018:14:32:50 +0300 [310] <- 200 application/json;charset=UTF-8 3ms
04/Mar/2018:14:32:50 +0300 [311] -> GET /bin/cpm/nodes/node.tree.json/sling-test?_=1520163170226 HTTP/1.1
04/Mar/2018:14:32:50 +0300 [312] -> GET /bin/cpm/nodes/node.tree.json/sling-test/sling?_=1520163170225 HTTP/1.1
04/Mar/2018:14:32:50 +0300 [313] -> GET /bin/cpm/nodes/node.tree.json/?_=1520163170227 HTTP/1.1
04/Mar/2018:14:32:50 +0300 [311] <- 200 application/json;charset=UTF-8 2ms
04/Mar/2018:14:32:50 +0300 [312] <- 200 application/json;charset=UTF-8 3ms
04/Mar/2018:14:32:50 +0300 [313] <- 200 application/json;charset=UTF-8 4ms
04/Mar/2018:14:32:50 +0300 [314] -> GET /bin/cpm/nodes/node.tree.json/content?_=1520163170228 HTTP/1.1
04/Mar/2018:14:32:50 +0300 [314] <- 200 application/json;charset=UTF-8 2ms
04/Mar/2018:14:32:50 +0300 [315] -> GET /bin/cpm/nodes/node.tree.json/content/laser?_=1520163170229 HTTP/1.1
04/Mar/2018:14:32:50 +0300 [316] -> GET /bin/cpm/nodes/node.tree.json/content/laser?_=1520163170230 HTTP/1.1
04/Mar/2018:14:32:50 +0300 [315] <- 200 application/json;charset=UTF-8 2ms
04/Mar/2018:14:32:50 +0300 [316] <- 200 application/json;charset=UTF-8 3ms
04/Mar/2018:14:32:50 +0300 [317] -> GET /bin/browser.view.html/content/laser HTTP/1.1
04/Mar/2018:14:32:50 +0300 [317] <- 200 text/html;charset=utf-8 3ms
04/Mar/2018:14:32:50 +0300 [318] -> GET /bin/browser.tab.properties.html/content/laser HTTP/1.1
04/Mar/2018:14:32:50 +0300 [318] <- 200 text/html;charset=utf-8 1ms
04/Mar/2018:14:32:50 +0300 [319] -> GET /bin/cpm/nodes/property.map.json/content/laser?_=1520163170231 HTTP/1.1
04/Mar/2018:14:32:50 +0300 [319] <- 200 application/json;charset=UTF-8 2ms
04/Mar/2018:14:32:51 +0300 [320] -> GET /bin/cpm/nodes/node.tree.json/content/laser/home?_=1520163170232 HTTP/1.1
04/Mar/2018:14:32:51 +0300 [321] -> GET /bin/cpm/nodes/node.tree.json/content/laser/home?_=1520163170233 HTTP/1.1
04/Mar/2018:14:32:51 +0300 [320] <- 200 application/json;charset=UTF-8 1ms
04/Mar/2018:14:32:51 +0300 [321] <- 200 application/json;charset=UTF-8 1ms
04/Mar/2018:14:32:51 +0300 [322] -> GET /bin/browser.view.html/content/laser/home HTTP/1.1
04/Mar/2018:14:32:51 +0300 [322] <- 200 text/html;charset=utf-8 2ms
04/Mar/2018:14:32:51 +0300 [323] -> GET /bin/browser.tab.properties.html/content/laser/home HTTP/1.1
04/Mar/2018:14:32:51 +0300 [323] <- 200 text/html;charset=utf-8 1ms
04/Mar/2018:14:32:51 +0300 [324] -> GET /bin/cpm/nodes/property.map.json/content/laser/home?_=1520163170234 HTTP/1.1
04/Mar/2018:14:32:51 +0300 [324] <- 200 application/json;charset=UTF-8 1ms
04/Mar/2018:14:32:52 +0300 [326] -> GET /bin/cpm/nodes/node.tree.json/content/laser/home-secure?_=1520163170236 HTTP/1.1
04/Mar/2018:14:32:52 +0300 [325] -> GET /bin/cpm/nodes/node.tree.json/content/laser/home-secure?_=1520163170235 HTTP/1.1
04/Mar/2018:14:32:52 +0300 [325] <- 200 application/json;charset=UTF-8 1ms
04/Mar/2018:14:32:52 +0300 [326] <- 200 application/json;charset=UTF-8 1ms
04/Mar/2018:14:32:52 +0300 [327] -> GET /bin/browser.view.html/content/laser/home-secure HTTP/1.1
04/Mar/2018:14:32:52 +0300 [327] <- 200 text/html;charset=utf-8 3ms
04/Mar/2018:14:32:52 +0300 [328] -> GET /bin/browser.tab.properties.html/content/laser/home-secure HTTP/1.1
04/Mar/2018:14:32:52 +0300 [328] <- 200 text/html;charset=utf-8 3ms
04/Mar/2018:14:32:52 +0300 [329] -> GET /bin/cpm/nodes/property.map.json/content/laser/home-secure?_=1520163170237 HTTP/1.1
04/Mar/2018:14:32:52 +0300 [329] <- 200 application/json;charset=UTF-8 1ms
04/Mar/2018:14:38:01 +0300 [330] -> GET /content/laser/home-secure.html HTTP/1.1
04/Mar/2018:14:38:01 +0300 [330] <- 200 text/html 24ms
04/Mar/2018:14:38:50 +0300 [331] -> POST /bin/cpm/package.service.html HTTP/1.1
04/Mar/2018:14:38:51 +0300 [331] <- 200 - 132ms
04/Mar/2018:14:38:54 +0300 [332] -> GET /content/laser/home-secure.html HTTP/1.1
04/Mar/2018:14:38:54 +0300 [332] <- 200 text/html 19ms
04/Mar/2018:14:38:58 +0300 [333] -> GET /content/laser/home.html HTTP/1.1
04/Mar/2018:14:38:58 +0300 [333] <- 200 text/html 2ms
04/Mar/2018:14:39:23 +0300 [334] -> GET /libs/composum/nodes/console/content/felix.html/org.apache.sling.engine.impl.auth.SlingAuthenticator HTTP/1.1
04/Mar/2018:14:39:23 +0300 [334] <- 200 text/html;charset=utf-8 31ms
04/Mar/2018:14:39:56 +0300 [335] -> GET /content/laser/home.html HTTP/1.1
04/Mar/2018:14:39:56 +0300 [335] <- 200 text/html 4ms
04/Mar/2018:14:39:57 +0300 [336] -> GET /content/laser/home.html HTTP/1.1
04/Mar/2018:14:39:57 +0300 [336] <- 200 text/html 2ms
04/Mar/2018:14:39:58 +0300 [337] -> GET /system/sling/form/login?resource=%2Fcontent%2Flaser%2Fhome-secure.html HTTP/1.1
04/Mar/2018:14:39:58 +0300 [337] <- 200 text/html 3ms
04/Mar/2018:14:40:02 +0300 [338] -> GET /content/laser/home-secure.html HTTP/1.1
04/Mar/2018:14:40:02 +0300 [338] <- 200 text/html 1ms
04/Mar/2018:14:40:05 +0300 [339] -> GET /content/laser/home-secure.html HTTP/1.1
04/Mar/2018:14:40:05 +0300 [339] <- 200 text/html 2ms
04/Mar/2018:14:40:05 +0300 [340] -> GET /content/laser/home-secure.html HTTP/1.1
04/Mar/2018:14:40:05 +0300 [340] <- 200 text/html 2ms
04/Mar/2018:14:40:06 +0300 [341] -> GET /content/laser/home-secure.html HTTP/1.1
04/Mar/2018:14:40:06 +0300 [341] <- 200 text/html 2ms
04/Mar/2018:14:40:08 +0300 [342] -> GET /content/laser/home.html HTTP/1.1
04/Mar/2018:14:40:08 +0300 [342] <- 200 text/html 2ms
04/Mar/2018:14:40:09 +0300 [343] -> GET /content/laser/home-secure.html HTTP/1.1
04/Mar/2018:14:40:09 +0300 [343] <- 200 text/html 2ms
04/Mar/2018:14:41:39 +0300 [344] -> GET /content/laser/home.html HTTP/1.1
04/Mar/2018:14:41:39 +0300 [344] <- 200 text/html 1ms
04/Mar/2018:14:44:42 +0300 [345] -> GET /content/laser/home.html HTTP/1.1
04/Mar/2018:14:44:42 +0300 [345] <- 200 text/html 1ms
04/Mar/2018:14:44:45 +0300 [346] -> GET /system/sling/form/login?resource=%2Fcontent%2Flaser%2Fhome-secure.html HTTP/1.1
04/Mar/2018:14:44:45 +0300 [346] <- 200 text/html 1ms
04/Mar/2018:14:46:11 +0300 [347] -> GET /system/sling/form/login?resource=%2Fcontent%2Flaser%2Fhome-secure.html HTTP/1.1
04/Mar/2018:14:46:11 +0300 [347] <- 200 text/html 2ms
04/Mar/2018:14:46:13 +0300 [348] -> GET /system/sling/form/login?resource=%2Fcontent%2Flaser%2Fhome-secure.html HTTP/1.1
04/Mar/2018:14:46:13 +0300 [348] <- 200 text/html 2ms
04/Mar/2018:14:46:18 +0300 [349] -> GET /content/laser/home-secure.html HTTP/1.1
04/Mar/2018:14:46:18 +0300 [349] <- 200 text/html 1ms
04/Mar/2018:15:00:30 +0300 [350] -> POST /bin/cpm/package.service.html HTTP/1.1
04/Mar/2018:15:00:31 +0300 [350] <- 200 - 155ms
04/Mar/2018:15:00:53 +0300 [351] -> GET /system/sling/form/login?resource=%2Fcontent%2Flaser%2Fhome-secure.html HTTP/1.1
04/Mar/2018:15:00:53 +0300 [351] <- 200 text/html 1ms
04/Mar/2018:15:00:56 +0300 [352] -> GET /content/laser/home-secure.html HTTP/1.1
04/Mar/2018:15:00:56 +0300 [352] <- 200 text/html 22ms
04/Mar/2018:15:01:15 +0300 [353] -> GET /content/laser.html HTTP/1.1
04/Mar/2018:15:01:15 +0300 [353] <- 200 text/html 4ms
04/Mar/2018:15:01:25 +0300 [354] -> GET /content/laser.html HTTP/1.1
04/Mar/2018:15:01:25 +0300 [354] <- 200 text/html 2ms
04/Mar/2018:15:01:42 +0300 [355] -> POST /bin/cpm/package.service.html HTTP/1.1
04/Mar/2018:15:01:42 +0300 [355] <- 200 - 147ms
04/Mar/2018:15:02:23 +0300 [356] -> POST /bin/cpm/package.service.html HTTP/1.1
04/Mar/2018:15:02:23 +0300 [356] <- 200 - 120ms
04/Mar/2018:15:02:23 +0300 [357] -> GET /content/laser/home.html HTTP/1.1
04/Mar/2018:15:02:23 +0300 [357] <- 200 text/html 46ms
04/Mar/2018:15:02:30 +0300 [358] -> GET /content/laser/home-secure.html HTTP/1.1
04/Mar/2018:15:02:30 +0300 [358] <- 200 text/html 2ms
04/Mar/2018:15:03:41 +0300 [0] -> GET /system/sling/form/login?resource=%2Fcontent%2Flaser%2Fhome-secure.html HTTP/1.1
04/Mar/2018:15:03:41 +0300 [0] <- 200 text/html 12ms
04/Mar/2018:15:03:54 +0300 [1] -> GET /system/sling/form/login?resource=%2Fcontent%2Flaser%2Fhome-secure.html HTTP/1.1
04/Mar/2018:15:03:54 +0300 [1] <- 200 text/html 7ms
04/Mar/2018:15:03:55 +0300 [2] -> GET /system/sling/form/login?resource=%2Fcontent%2Flaser%2Fhome-secure.html HTTP/1.1
04/Mar/2018:15:03:55 +0300 [2] <- 200 text/html 5ms
04/Mar/2018:15:04:02 +0300 [3] -> GET /content/laser/home-secure.html HTTP/1.1
04/Mar/2018:15:04:02 +0300 [3] <- 200 text/html 732ms
04/Mar/2018:15:04:05 +0300 [4] -> GET /content/laser/home-secure.html HTTP/1.1
04/Mar/2018:15:04:05 +0300 [4] <- 200 text/html 4ms
04/Mar/2018:15:04:07 +0300 [5] -> GET /content/laser/home-secure.html HTTP/1.1
04/Mar/2018:15:04:07 +0300 [5] <- 200 text/html 4ms
04/Mar/2018:15:04:08 +0300 [6] -> GET /content/laser/home-secure.html HTTP/1.1
04/Mar/2018:15:04:08 +0300 [6] <- 200 text/html 5ms
04/Mar/2018:15:04:08 +0300 [7] -> GET /content/laser/home-secure.html HTTP/1.1
04/Mar/2018:15:04:08 +0300 [7] <- 200 text/html 5ms
04/Mar/2018:15:04:21 +0300 [8] -> GET /content/laser.html HTTP/1.1
04/Mar/2018:15:04:21 +0300 [8] <- 200 text/html 6ms
04/Mar/2018:15:04:22 +0300 [9] -> GET /content/laser.html HTTP/1.1
04/Mar/2018:15:04:22 +0300 [9] <- 200 text/html 6ms
04/Mar/2018:15:04:22 +0300 [10] -> GET /content/laser.html HTTP/1.1
04/Mar/2018:15:04:22 +0300 [10] <- 200 text/html 6ms
04/Mar/2018:15:04:23 +0300 [11] -> GET /content/laser.html HTTP/1.1
04/Mar/2018:15:04:23 +0300 [11] <- 200 text/html 6ms
04/Mar/2018:15:04:23 +0300 [12] -> GET /content/laser.html HTTP/1.1
04/Mar/2018:15:04:23 +0300 [12] <- 200 text/html 6ms
04/Mar/2018:15:05:07 +0300 [13] -> GET /content/laser/home-secure.html HTTP/1.1
04/Mar/2018:15:05:07 +0300 [13] <- 200 text/html 2ms
04/Mar/2018:15:05:11 +0300 [14] -> GET /system/sling/form/login?resource=%2Fcontent%2Flaser%2Fhome-secure.html HTTP/1.1
04/Mar/2018:15:05:11 +0300 [14] <- 200 text/html 2ms
04/Mar/2018:15:05:14 +0300 [15] -> GET /content/laser/home-secure.html HTTP/1.1
04/Mar/2018:15:05:14 +0300 [15] <- 200 text/html 2ms
04/Mar/2018:15:06:09 +0300 [16] -> POST /bin/cpm/package.service.html HTTP/1.1
04/Mar/2018:15:06:09 +0300 [16] <- 200 - 279ms
04/Mar/2018:15:10:39 +0300 [17] -> POST /bin/cpm/package.service.html HTTP/1.1
04/Mar/2018:15:10:39 +0300 [17] <- 200 - 153ms
04/Mar/2018:15:10:51 +0300 [18] -> GET /content/laser/home-secure.html HTTP/1.1
04/Mar/2018:15:10:51 +0300 [18] <- 200 text/html 48ms
04/Mar/2018:15:11:18 +0300 [19] -> GET /system/sling/form/login?resource=%2Fcontent%2Flaser%2Fhome-secure.html HTTP/1.1
04/Mar/2018:15:11:18 +0300 [19] <- 200 text/html 3ms
04/Mar/2018:15:17:25 +0300 [20] -> POST /bin/cpm/package.service.html HTTP/1.1
04/Mar/2018:15:17:25 +0300 [20] <- 200 - 151ms
04/Mar/2018:15:17:48 +0300 [21] -> GET /system/sling/form/login?resource=%2Fcontent%2Flaser%2Fhome-secure.html HTTP/1.1
04/Mar/2018:15:17:48 +0300 [21] <- 200 text/html 2ms
04/Mar/2018:15:18:51 +0300 [22] -> POST /bin/cpm/package.service.html HTTP/1.1
04/Mar/2018:15:18:51 +0300 [22] <- 200 - 119ms
04/Mar/2018:15:20:17 +0300 [23] -> POST /bin/cpm/package.service.html HTTP/1.1
04/Mar/2018:15:20:17 +0300 [23] <- 200 - 133ms
04/Mar/2018:15:23:52 +0300 [24] -> POST /bin/cpm/package.service.html HTTP/1.1
04/Mar/2018:15:23:52 +0300 [24] <- 200 - 129ms
04/Mar/2018:15:24:52 +0300 [25] -> GET /system/sling/form/login?resource=%2Fcontent%2Flaser%2Fhome-secure.html HTTP/1.1
04/Mar/2018:15:24:52 +0300 [25] <- 200 text/html 1ms
04/Mar/2018:15:29:15 +0300 [26] -> GET /system/sling/form/login?resource=%2Fcontent%2Flaser%2Fhome-secure.html HTTP/1.1
04/Mar/2018:15:29:15 +0300 [26] <- 200 text/html 3ms
04/Mar/2018:16:34:46 +0300 [27] -> POST /bin/cpm/package.service.html HTTP/1.1
04/Mar/2018:16:34:46 +0300 [27] <- 200 - 135ms
04/Mar/2018:16:35:31 +0300 [28] -> GET /system/sling/form/login?resource=%2Fcontent%2Flaser%2Fhome-secure.html HTTP/1.1
04/Mar/2018:16:35:31 +0300 [28] <- 200 text/html 15ms
04/Mar/2018:16:35:35 +0300 [29] -> GET /content/laser/home.html HTTP/1.1
04/Mar/2018:16:35:35 +0300 [29] <- 200 text/html 67ms
04/Mar/2018:16:35:36 +0300 [30] -> GET /content/laser/home.html HTTP/1.1
04/Mar/2018:16:35:36 +0300 [30] <- 200 text/html 3ms
04/Mar/2018:16:35:37 +0300 [31] -> GET /content/laser/home.html HTTP/1.1
04/Mar/2018:16:35:37 +0300 [31] <- 200 text/html 3ms
04/Mar/2018:16:35:41 +0300 [32] -> GET /content/laser/home.html HTTP/1.1
04/Mar/2018:16:35:41 +0300 [32] <- 200 text/html 3ms
04/Mar/2018:16:35:41 +0300 [33] -> GET /content/laser/home.html HTTP/1.1
04/Mar/2018:16:35:41 +0300 [33] <- 200 text/html 2ms
04/Mar/2018:16:35:41 +0300 [34] -> GET /content/laser/home.html HTTP/1.1
04/Mar/2018:16:35:41 +0300 [34] <- 200 text/html 3ms
04/Mar/2018:16:35:52 +0300 [35] -> GET /system/sling/form/login?resource=%2Fcontent%2Flaser%2Fhome-secure.html HTTP/1.1
04/Mar/2018:16:35:52 +0300 [35] <- 200 text/html 2ms
04/Mar/2018:16:36:42 +0300 [36] -> POST /bin/cpm/package.service.html HTTP/1.1
04/Mar/2018:16:36:42 +0300 [36] <- 200 - 132ms
04/Mar/2018:16:36:50 +0300 [37] -> GET /system/sling/form/login?resource=%2Fcontent%2Flaser%2Fhome-secure.html HTTP/1.1
04/Mar/2018:16:36:50 +0300 [37] <- 200 text/html 0ms
04/Mar/2018:16:36:54 +0300 [38] -> GET /system/sling/form/login?resource=%2Fcontent%2Flaser%2Fhome-secure.html HTTP/1.1
04/Mar/2018:16:36:54 +0300 [38] <- 200 text/html 2ms
04/Mar/2018:17:11:15 +0300 [39] -> GET /system/sling/form/login?resource=%2Fcontent%2Flaser%2Fhome-secure.html HTTP/1.1
04/Mar/2018:17:11:15 +0300 [39] <- 200 text/html 2ms
04/Mar/2018:17:14:31 +0300 [40] -> POST /bin/cpm/package.service.html HTTP/1.1
04/Mar/2018:17:14:31 +0300 [40] <- 200 - 125ms
04/Mar/2018:17:14:38 +0300 [41] -> GET /system/sling/form/login?resource=%2Fcontent%2Flaser%2Fhome-secure.html HTTP/1.1
04/Mar/2018:17:14:38 +0300 [42] -> GET /system/sling/form/login?resource=%2Fcontent%2Flaser%2Fhome-secure.html HTTP/1.1
04/Mar/2018:17:14:38 +0300 [42] <- 200 text/html 2ms
04/Mar/2018:17:14:38 +0300 [41] <- 200 text/html 2ms
04/Mar/2018:17:14:40 +0300 [43] -> GET /content/laser/home-secure.html HTTP/1.1
04/Mar/2018:17:14:40 +0300 [43] <- 200 text/html 34ms
04/Mar/2018:17:14:50 +0300 [44] -> GET /system/sling/form/login?resource=%2Fcontent%2Flaser%2Fhome-secure.html HTTP/1.1
04/Mar/2018:17:14:50 +0300 [44] <- 200 text/html 1ms
04/Mar/2018:17:14:52 +0300 [45] -> GET /content/laser/home-secure.html HTTP/1.1
04/Mar/2018:17:14:52 +0300 [45] <- 200 text/html 1ms
