60766ad6-66fc-4a32-aded-72ad812651a7:3132 root 1520156876409
b52fa8d5-6f14-480e-a913-926c04beff7c:241 root 1520156881993
4827cddf-2939-4cb2-a77b-15c35bc0b926:96 root 1520156886423
af6134f4-154d-460a-ae22-d613be2a3ea5:252 root 1520159516513
5a819426-fa7a-490f-a826-aee0d586b3a5:94 root 1520159521409
93107d63-f548-4340-a69b-b3d583ac3fed:100 root 1520159926373
30cb9393-d142-45f4-aaf9-dabf79ac98b8:146 root 1520160021378
f04a6c53-5c78-468e-a994-40138fc2117f:92 root 1520160026374
a8422fa2-5b0b-4940-af90-f309f141b93a:29 root 1520160366373
7691512f-9902-4c59-adea-335ff5363714:98 root 1520160371374
a892cc58-2912-47e4-a476-7b06c01513c5:104 root 1520160471369
24ffeb39-ff01-4fa1-a411-0cc5ab82d79b:222 root 1520160776383
f58531f9-e47e-4d5a-a8a3-898621e75c09:93 root 1520160781382
578418a7-d3eb-4dcc-aa2a-2841b689816c:98 root 1520161521377
fc634975-aec4-44fa-ab48-6974d3e2f2e4:28 root 1520161646393
1771ea02-80f0-4cac-ab9e-1570c036cca1:117 root 1520161651381
3ba813d6-e061-44e7-a7fb-cc97b8739e5f:71 root 1520161676370
aad70088-69d7-4aff-a38d-c451a1b82b2b:84 root 1520161681370
3bc7d244-ed16-4572-a7dc-70244908b343:144 root 1520161976359
7655103d-a384-4df2-adff-54ee1295f9cd:93 root 1520161981369
1bd3aef7-7bd7-4c12-a891-8ec91775d130:102 root 1520162821385
52108bd3-84a3-4663-a9b6-2bdd210c2a7e:146 root 1520162826391
2e893284-b1d9-4f1b-ad2b-4d6a3814fd28:97 root 1520163156385
822d3747-8641-49bc-ad7d-1df9d74db526:75 root 1520163176358
4b76ee71-e7e5-4e73-a426-79fd4581514f:81 root 1520163181371
dfbbb926-a126-454e-ac03-19f2062a0227:72 root 1520163476385
c567bc88-c0ac-4cd7-af0b-3ff9a2618110:81 root 1520163481373
613bfbe3-2210-4808-a6c4-5bbc1727c61f:100 root 1520163531394
834b47ae-305c-4bfa-a50b-afef59ad5f45:98 root 1520163536384
ad2f7fcd-6e1f-433a-a065-471c8f46b9dc:93 root 1520163561382
45b9990d-1104-4d66-a4d0-f5bc9d860279:66 root 1520163956365
e05cbf86-f639-4066-a132-6dd4666e7c5d:92 root 1520163961370
d806ae5c-a1b6-4847-a35e-428d5e23d820:72 root 1520164376363
ec8e0425-af81-4bb8-a676-437ac27ce39e:81 root 1520164381373
a5496f98-e3ca-4dd3-a32b-d60d7e45813a:50 root 1520164831367
928285d9-235f-4e2f-adf0-90e7bede7e73:99 root 1520164836388
a8c76102-9459-4a07-ad53-ac3af24b35ce:121 root 1520164906382
881939ed-7c57-456b-a0c5-bd1cb00de75f:105 root 1520164946388
5347ee47-901b-4cfc-ad5a-0231abace4eb:1559 root 1520164985863
422bd8ce-d9d7-4bc7-a768-65effb952c33:133 root 1520164990854
4139b8fb-3544-426a-a8c3-e9c0b890a23d:104 root 1520165170861
e32f354e-86f3-46b7-a00d-0baee03323d9:146 root 1520165175841
79cbebf8-9467-4663-af62-f5613ee20890:305 root 1520165285825
2adb8137-3b1d-4184-a2a4-e7ea705689f8:81 root 1520165290837
f9f4ac5f-98b8-4e97-a95d-8262e7514ec9:29 root 1520165440839
acc0d568-4d79-4885-a0bf-3a4b49e0646d:97 root 1520165451660
a0672dc1-387e-4067-a9dd-24a6cf7579cb:75 root 1520165645840
7387463b-0fb0-46d6-a71b-ec84d932ac1b:81 root 1520165650839
60c4f7c8-37d0-4275-a7ca-dfffed7688e3:100 root 1520165859880
1cbb5bf0-0f0f-42ea-a01b-f6db80729dab:34 root 1520165860010
3d2552f4-74c7-4824-a3dd-9565ec9dfd9d:63 root 1520165860858
e361d897-ca91-4c6c-a3e0-bddb5efffb88:99 root 1520165935839
649c941f-9feb-4451-a854-ad3dc11c438d:75 root 1520166008688
5d19eeeb-9aec-46d9-ab47-5e54ef318647:81 root 1520166010841
439d8d39-2862-441f-a117-c23305c9a2d1:29 root 1520166020834
ec3f6b05-1111-4aad-a463-082f2b94c2dc:99 root 1520166025837
cc1accab-ccf1-4d3e-ae5d-fd9c3ba85f6e:120 root 1520166235833
bc39e490-d8cc-4e7d-a5d6-dedefe3415c7:297 root 1520166665825
35271024-e4f2-4721-a8e0-315c86b0b283:106 root 1520166670825
412539c1-a392-4f26-aad6-1b4bb72a0f83:68 root 1520168765827
fb0155e4-b98b-40db-ac82-5ddafa26f907:85 root 1520168770832
e531bcb4-25bc-4487-ab93-607a3812c2fc:106 root 1520170490894
2902f9bd-1a92-4b89-a1fa-7ff20100ce5a:25 root 1520170515827
249379fc-da03-40e1-a891-a8b49923a781:105 root 1520170520847
c2683d0f-4190-4d35-a0e4-c161596e799b:100 root 1520170605842
a957de6c-7ce1-46a5-acf2-166316e5daea:103 root 1520170610826
ae9ee306-3334-42ee-a97a-923a958501af:144 root 1520170865845
24c0f96f-1741-49d3-a0f2-92caf49d3258:91 root 1520170870841
bbbbc07a-ed5f-4a70-a94d-f9bcdd8d4d1d:68 root 1520172365830
99dfc65c-5c81-465d-affc-31b10fba1bee:85 root 1520172370849
8be0ca32-248e-45e7-a6bf-b58676781d59:152 root 1520172875889
4b45c7d4-1da2-4394-a189-90f458c8c62c:72 root 1520173265831
eaec96f6-1155-4f18-a693-135a55e5896f:81 root 1520173270832
a9b91be7-1894-443d-ac22-7afd42355742:1349 root 1520173495818
88fb8cc0-b735-48f2-ad21-9f76dedd9d14:127 root 1520173500771
